2025-11-11 05:18:27,363 P1641 [INFO] ************************************************************
2025-11-11 05:18:27,363 P1641 [INFO] ConfigSet _OnInstanceBoot
2025-11-11 05:18:27,365 P1641 [INFO] ++++++++++++++++++++++++++++++++++++++++++++++++++++++++++++
2025-11-11 05:18:27,365 P1641 [INFO] Config AWSEBBaseConfig
2025-11-11 05:18:27,585 P1641 [INFO] ============================================================
2025-11-11 05:18:27,585 P1641 [INFO] Command clearbackupfiles
2025-11-11 05:18:27,594 P1641 [INFO] Completed successfully.
2025-11-11 05:18:27,598 P1641 [INFO] ++++++++++++++++++++++++++++++++++++++++++++++++++++++++++++
2025-11-11 05:18:27,598 P1641 [INFO] Config AWSEBCfnHupEndpointOverride
2025-11-11 05:18:27,599 P1641 [INFO] ============================================================
2025-11-11 05:18:27,599 P1641 [INFO] Command clearbackupfiles
2025-11-11 05:18:27,602 P1641 [INFO] Completed successfully.
2025-11-11 05:20:37,311 P2181 [INFO] ************************************************************
2025-11-11 05:20:37,311 P2181 [INFO] ConfigSet Infra-EmbeddedPreBuild
2025-11-11 05:21:13,319 P2675 [INFO] ************************************************************
2025-11-11 05:21:13,319 P2675 [INFO] ConfigSet Infra-EmbeddedPostBuild
2025-11-11 05:37:26,179 P7461 [INFO] ************************************************************
2025-11-11 05:37:26,180 P7461 [INFO] ConfigSet Infra-EmbeddedPreBuild
2025-11-11 05:38:10,753 P8086 [INFO] ************************************************************
2025-11-11 05:38:10,754 P8086 [INFO] ConfigSet Infra-EmbeddedPostBuild
2025-11-11 05:47:05,500 P11689 [INFO] ************************************************************
2025-11-11 05:47:05,501 P11689 [INFO] ConfigSet Infra-EmbeddedPreBuild
2025-11-11 05:47:12,265 P12234 [INFO] ************************************************************
2025-11-11 05:47:12,266 P12234 [INFO] ConfigSet Infra-EmbeddedPostBuild
