2025-11-11 05:18:31,138 [DEBUG] CloudFormation client initialized with endpoint https://cloudformation.us-west-2.amazonaws.com
2025-11-11 05:18:31,138 [DEBUG] SQS client initialized with endpoint https://sqs.us-west-2.amazonaws.com
2025-11-11 05:18:31,139 [DEBUG] CloudFormation client initialized with endpoint https://cloudformation.us-west-2.amazonaws.com
2025-11-11 05:18:31,139 [DEBUG] Enabled single threading mode.
2025-11-11 05:18:31,139 [DEBUG] Creating /var/lib/cfn-hup/data
2025-11-11 05:18:31,147 [INFO] No umask value specified in config file. Using the default one: 0o22
2025-11-11 05:18:31,197 [INFO] Pid: 1772
2025-11-11 05:18:31,555 [INFO] Refreshing listener credentials
2025-11-11 05:18:31,640 [INFO] Scheduling next credential refresh in 1800.0 seconds
2025-11-11 05:20:35,243 [INFO] Received command ElasticBeanstalkCommand-AWSEBAutoScalingGroup (invocation id: ec906b02-2691-495e-bfe2-d9644f60de17)
2025-11-11 05:20:35,244 [INFO] Running action for aws-eb-command-handler
2025-11-11 05:21:17,765 [INFO] Action for aws-eb-command-handler succeeded, returning SUCCESS
2025-11-11 05:23:38,102 [INFO] command processing is alive.
2025-11-11 05:25:49,408 [INFO] Received command ElasticBeanstalkCommand-AWSEBAutoScalingGroup (invocation id: 604d4f57-9a2e-4ac8-a6a7-2eca7997b070)
2025-11-11 05:25:49,408 [INFO] Running action for aws-eb-command-handler
2025-11-11 05:25:50,425 [INFO] Action for aws-eb-command-handler succeeded, returning SUCCESS
2025-11-11 05:28:50,797 [INFO] command processing is alive.
2025-11-11 05:33:51,222 [INFO] command processing is alive.
2025-11-11 05:37:24,575 [INFO] Received command ElasticBeanstalkCommand-AWSEBAutoScalingGroup (invocation id: 574d45bc-9338-4fd7-bfe3-a7e7b984287a)
2025-11-11 05:37:24,575 [INFO] Running action for aws-eb-command-handler
2025-11-11 05:38:19,068 [INFO] Action for aws-eb-command-handler succeeded, returning SUCCESS
2025-11-11 05:38:59,243 [INFO] command processing is alive.
2025-11-11 05:42:58,700 [INFO] Received command ElasticBeanstalkCommand-AWSEBAutoScalingGroup (invocation id: 3c7a0562-5b7f-4089-8dd8-6eb4efe53fbe)
2025-11-11 05:42:58,700 [INFO] Running action for aws-eb-command-handler
2025-11-11 05:42:59,966 [INFO] Action for aws-eb-command-handler succeeded, returning SUCCESS
2025-11-11 05:44:00,197 [INFO] command processing is alive.
2025-11-11 05:47:04,059 [INFO] Received command ElasticBeanstalkCommand-AWSEBAutoScalingGroup (invocation id: bd0d4d35-97fc-4464-8b31-be7436067cbd)
2025-11-11 05:47:04,063 [INFO] Running action for aws-eb-command-handler
2025-11-11 05:47:18,379 [INFO] Action for aws-eb-command-handler succeeded, returning SUCCESS
2025-11-11 05:48:31,641 [INFO] Refreshing listener credentials
2025-11-11 05:48:31,714 [INFO] Scheduling next credential refresh in 1799.0 seconds
2025-11-11 05:49:18,651 [INFO] command processing is alive.
2025-11-11 05:50:08,989 [INFO] Received command ElasticBeanstalkCommand-AWSEBAutoScalingGroup (invocation id: 86e404bb-2beb-4fde-8368-f2ceae16a256)
2025-11-11 05:50:08,989 [INFO] Running action for aws-eb-command-handler
2025-11-11 05:50:09,969 [INFO] Action for aws-eb-command-handler succeeded, returning SUCCESS
2025-11-11 05:54:30,401 [INFO] command processing is alive.
2025-11-11 05:59:30,854 [INFO] command processing is alive.
2025-11-11 06:04:31,313 [INFO] command processing is alive.
2025-11-11 06:09:31,753 [INFO] command processing is alive.
2025-11-11 06:14:32,178 [INFO] command processing is alive.
2025-11-11 06:18:30,715 [INFO] Refreshing listener credentials
2025-11-11 06:18:30,793 [INFO] Scheduling next credential refresh in 1799.0 seconds
2025-11-11 06:19:32,596 [INFO] command processing is alive.
2025-11-11 06:22:12,131 [INFO] Received command ElasticBeanstalkCommand-AWSEBAutoScalingGroup (invocation id: e1488b54-add2-4076-933e-a53c7a890184)
2025-11-11 06:22:12,131 [INFO] Running action for aws-eb-command-handler
