time="2025-11-11T05:21:14Z" level=warning msg="/var/app/current/docker-compose.yml: the attribute `version` is obsolete, it will be ignored, please remove it to avoid potential confusion"
2025-11-11 05:21:14.749687 container create b2085c1a8936b4e42d9fb5a8e5574e3026478e3117c34a620c96906f59707036 (image=current-backend, name=raasystem-backend)

2025-11-11 05:21:15.672900 container start b2085c1a8936b4e42d9fb5a8e5574e3026478e3117c34a620c96906f59707036 (name=raasystem-backend, image=current-backend)

2025-11-11 05:21:16.486659 container die b2085c1a8936b4e42d9fb5a8e5574e3026478e3117c34a620c96906f59707036 (exitCode=1, image=current-backend, name=raasystem-backend, execDuration=0)

2025-11-11 05:21:16.918700 container start b2085c1a8936b4e42d9fb5a8e5574e3026478e3117c34a620c96906f59707036 (name=raasystem-backend, image=current-backend)

2025-11-11 05:21:17.389806 container die b2085c1a8936b4e42d9fb5a8e5574e3026478e3117c34a620c96906f59707036 (exitCode=1, execDuration=0, image=current-backend, name=raasystem-backend)

2025-11-11 05:21:17.810794 container start b2085c1a8936b4e42d9fb5a8e5574e3026478e3117c34a620c96906f59707036 (name=raasystem-backend, image=current-backend)

2025-11-11 05:21:18.275888 container die b2085c1a8936b4e42d9fb5a8e5574e3026478e3117c34a620c96906f59707036 (execDuration=0, image=current-backend, name=raasystem-backend, exitCode=1)

2025-11-11 05:21:18.668007 container start b2085c1a8936b4e42d9fb5a8e5574e3026478e3117c34a620c96906f59707036 (image=current-backend, name=raasystem-backend)

2025-11-11 05:21:19.163949 container die b2085c1a8936b4e42d9fb5a8e5574e3026478e3117c34a620c96906f59707036 (image=current-backend, name=raasystem-backend, execDuration=0, exitCode=1)

2025-11-11 05:21:19.919861 container start b2085c1a8936b4e42d9fb5a8e5574e3026478e3117c34a620c96906f59707036 (image=current-backend, name=raasystem-backend)

2025-11-11 05:21:20.355678 container die b2085c1a8936b4e42d9fb5a8e5574e3026478e3117c34a620c96906f59707036 (image=current-backend, name=raasystem-backend, execDuration=0, exitCode=1)

2025-11-11 05:21:22.016483 container start b2085c1a8936b4e42d9fb5a8e5574e3026478e3117c34a620c96906f59707036 (name=raasystem-backend, image=current-backend)

2025-11-11 05:21:22.465542 container die b2085c1a8936b4e42d9fb5a8e5574e3026478e3117c34a620c96906f59707036 (name=raasystem-backend, execDuration=0, exitCode=1, image=current-backend)

2025-11-11 05:21:25.684143 container start b2085c1a8936b4e42d9fb5a8e5574e3026478e3117c34a620c96906f59707036 (image=current-backend, name=raasystem-backend)

2025-11-11 05:21:26.164991 container die b2085c1a8936b4e42d9fb5a8e5574e3026478e3117c34a620c96906f59707036 (image=current-backend, name=raasystem-backend, execDuration=0, exitCode=1)

2025-11-11 05:21:32.579157 container start b2085c1a8936b4e42d9fb5a8e5574e3026478e3117c34a620c96906f59707036 (image=current-backend, name=raasystem-backend)

2025-11-11 05:21:32.977616 container die b2085c1a8936b4e42d9fb5a8e5574e3026478e3117c34a620c96906f59707036 (exitCode=1, image=current-backend, execDuration=0, name=raasystem-backend)

2025-11-11 05:21:45.776498 container start b2085c1a8936b4e42d9fb5a8e5574e3026478e3117c34a620c96906f59707036 (image=current-backend, name=raasystem-backend)

2025-11-11 05:21:46.245171 container die b2085c1a8936b4e42d9fb5a8e5574e3026478e3117c34a620c96906f59707036 (image=current-backend, name=raasystem-backend, exitCode=1, execDuration=0)

2025-11-11 05:22:11.869776 container start b2085c1a8936b4e42d9fb5a8e5574e3026478e3117c34a620c96906f59707036 (name=raasystem-backend, image=current-backend)

2025-11-11 05:22:12.395395 container die b2085c1a8936b4e42d9fb5a8e5574e3026478e3117c34a620c96906f59707036 (exitCode=1, image=current-backend, name=raasystem-backend, execDuration=0)

2025-11-11 05:23:03.584945 container start b2085c1a8936b4e42d9fb5a8e5574e3026478e3117c34a620c96906f59707036 (image=current-backend, name=raasystem-backend)

2025-11-11 05:23:04.035133 container die b2085c1a8936b4e42d9fb5a8e5574e3026478e3117c34a620c96906f59707036 (image=current-backend, name=raasystem-backend, execDuration=0, exitCode=1)

2025-11-11 05:24:04.040383 container start b2085c1a8936b4e42d9fb5a8e5574e3026478e3117c34a620c96906f59707036 (name=raasystem-backend, image=current-backend)

2025-11-11 05:24:04.444785 container die b2085c1a8936b4e42d9fb5a8e5574e3026478e3117c34a620c96906f59707036 (image=current-backend, name=raasystem-backend, execDuration=0, exitCode=1)

2025-11-11 05:25:04.508132 container start b2085c1a8936b4e42d9fb5a8e5574e3026478e3117c34a620c96906f59707036 (image=current-backend, name=raasystem-backend)

2025-11-11 05:25:04.976930 container die b2085c1a8936b4e42d9fb5a8e5574e3026478e3117c34a620c96906f59707036 (exitCode=1, name=raasystem-backend, execDuration=0, image=current-backend)

2025-11-11 05:26:04.958097 container start b2085c1a8936b4e42d9fb5a8e5574e3026478e3117c34a620c96906f59707036 (image=current-backend, name=raasystem-backend)

2025-11-11 05:26:05.405369 container die b2085c1a8936b4e42d9fb5a8e5574e3026478e3117c34a620c96906f59707036 (execDuration=0, exitCode=1, image=current-backend, name=raasystem-backend)

2025-11-11 05:27:05.433694 container start b2085c1a8936b4e42d9fb5a8e5574e3026478e3117c34a620c96906f59707036 (image=current-backend, name=raasystem-backend)

2025-11-11 05:27:05.914715 container die b2085c1a8936b4e42d9fb5a8e5574e3026478e3117c34a620c96906f59707036 (exitCode=1, execDuration=0, image=current-backend, name=raasystem-backend)

2025-11-11 05:28:05.898844 container start b2085c1a8936b4e42d9fb5a8e5574e3026478e3117c34a620c96906f59707036 (name=raasystem-backend, image=current-backend)

2025-11-11 05:28:06.375815 container die b2085c1a8936b4e42d9fb5a8e5574e3026478e3117c34a620c96906f59707036 (name=raasystem-backend, execDuration=0, image=current-backend, exitCode=1)

2025-11-11 05:29:06.419412 container start b2085c1a8936b4e42d9fb5a8e5574e3026478e3117c34a620c96906f59707036 (name=raasystem-backend, image=current-backend)

2025-11-11 05:29:06.825613 container die b2085c1a8936b4e42d9fb5a8e5574e3026478e3117c34a620c96906f59707036 (exitCode=1, name=raasystem-backend, execDuration=0, image=current-backend)

2025-11-11 05:30:06.845295 container start b2085c1a8936b4e42d9fb5a8e5574e3026478e3117c34a620c96906f59707036 (name=raasystem-backend, image=current-backend)

2025-11-11 05:30:07.325208 container die b2085c1a8936b4e42d9fb5a8e5574e3026478e3117c34a620c96906f59707036 (execDuration=0, exitCode=1, image=current-backend, name=raasystem-backend)

2025-11-11 05:31:07.339227 container start b2085c1a8936b4e42d9fb5a8e5574e3026478e3117c34a620c96906f59707036 (image=current-backend, name=raasystem-backend)

2025-11-11 05:31:07.804635 container die b2085c1a8936b4e42d9fb5a8e5574e3026478e3117c34a620c96906f59707036 (name=raasystem-backend, execDuration=0, image=current-backend, exitCode=1)

2025-11-11 05:32:07.737608 container start b2085c1a8936b4e42d9fb5a8e5574e3026478e3117c34a620c96906f59707036 (image=current-backend, name=raasystem-backend)

2025-11-11 05:32:08.185140 container die b2085c1a8936b4e42d9fb5a8e5574e3026478e3117c34a620c96906f59707036 (image=current-backend, name=raasystem-backend, execDuration=0, exitCode=1)

2025-11-11 05:33:08.215602 container start b2085c1a8936b4e42d9fb5a8e5574e3026478e3117c34a620c96906f59707036 (name=raasystem-backend, image=current-backend)

2025-11-11 05:33:08.623902 container die b2085c1a8936b4e42d9fb5a8e5574e3026478e3117c34a620c96906f59707036 (exitCode=1, image=current-backend, name=raasystem-backend, execDuration=0)

2025-11-11 05:34:08.698564 container start b2085c1a8936b4e42d9fb5a8e5574e3026478e3117c34a620c96906f59707036 (image=current-backend, name=raasystem-backend)

2025-11-11 05:34:09.205561 container die b2085c1a8936b4e42d9fb5a8e5574e3026478e3117c34a620c96906f59707036 (name=raasystem-backend, execDuration=0, exitCode=1, image=current-backend)

2025-11-11 05:35:09.180089 container start b2085c1a8936b4e42d9fb5a8e5574e3026478e3117c34a620c96906f59707036 (image=current-backend, name=raasystem-backend)

2025-11-11 05:35:09.625189 container die b2085c1a8936b4e42d9fb5a8e5574e3026478e3117c34a620c96906f59707036 (exitCode=1, image=current-backend, name=raasystem-backend, execDuration=0)

2025-11-11 05:36:09.639172 container start b2085c1a8936b4e42d9fb5a8e5574e3026478e3117c34a620c96906f59707036 (image=current-backend, name=raasystem-backend)

2025-11-11 05:36:10.096370 container die b2085c1a8936b4e42d9fb5a8e5574e3026478e3117c34a620c96906f59707036 (exitCode=1, name=raasystem-backend, execDuration=0, image=current-backend)

2025-11-11 05:37:10.133624 container start b2085c1a8936b4e42d9fb5a8e5574e3026478e3117c34a620c96906f59707036 (image=current-backend, name=raasystem-backend)

2025-11-11 05:37:10.634470 container die b2085c1a8936b4e42d9fb5a8e5574e3026478e3117c34a620c96906f59707036 (execDuration=0, exitCode=1, image=current-backend, name=raasystem-backend)


time="2025-11-11T05:38:14Z" level=warning msg="/var/app/current/docker-compose.yml: the attribute `version` is obsolete, it will be ignored, please remove it to avoid potential confusion"
2025-11-11 05:38:15.148080 container create 9c911fadec3ebb945b4ca35d246d2bb26ce95b6a7151d469d1339ed129aec187 (image=current-backend, name=raasystem-backend)

2025-11-11 05:38:15.774000 container start 9c911fadec3ebb945b4ca35d246d2bb26ce95b6a7151d469d1339ed129aec187 (image=current-backend, name=raasystem-backend)

2025-11-11 05:38:16.473546 container die 9c911fadec3ebb945b4ca35d246d2bb26ce95b6a7151d469d1339ed129aec187 (image=current-backend, name=raasystem-backend, execDuration=0, exitCode=1)

2025-11-11 05:38:16.953900 container start 9c911fadec3ebb945b4ca35d246d2bb26ce95b6a7151d469d1339ed129aec187 (name=raasystem-backend, image=current-backend)

2025-11-11 05:38:17.408576 container die 9c911fadec3ebb945b4ca35d246d2bb26ce95b6a7151d469d1339ed129aec187 (name=raasystem-backend, execDuration=0, exitCode=1, image=current-backend)

2025-11-11 05:38:17.891219 container start 9c911fadec3ebb945b4ca35d246d2bb26ce95b6a7151d469d1339ed129aec187 (image=current-backend, name=raasystem-backend)

2025-11-11 05:38:18.431163 container die 9c911fadec3ebb945b4ca35d246d2bb26ce95b6a7151d469d1339ed129aec187 (image=current-backend, name=raasystem-backend, execDuration=0, exitCode=1)

2025-11-11 05:38:18.995159 container start 9c911fadec3ebb945b4ca35d246d2bb26ce95b6a7151d469d1339ed129aec187 (name=raasystem-backend, image=current-backend)

2025-11-11 05:38:19.558653 container die 9c911fadec3ebb945b4ca35d246d2bb26ce95b6a7151d469d1339ed129aec187 (execDuration=0, name=raasystem-backend, exitCode=1, image=current-backend)

2025-11-11 05:38:20.397759 container start 9c911fadec3ebb945b4ca35d246d2bb26ce95b6a7151d469d1339ed129aec187 (image=current-backend, name=raasystem-backend)

2025-11-11 05:38:20.926079 container die 9c911fadec3ebb945b4ca35d246d2bb26ce95b6a7151d469d1339ed129aec187 (exitCode=1, image=current-backend, name=raasystem-backend, execDuration=0)

2025-11-11 05:38:22.475785 container start 9c911fadec3ebb945b4ca35d246d2bb26ce95b6a7151d469d1339ed129aec187 (image=current-backend, name=raasystem-backend)

2025-11-11 05:38:22.914655 container die 9c911fadec3ebb945b4ca35d246d2bb26ce95b6a7151d469d1339ed129aec187 (execDuration=0, exitCode=1, image=current-backend, name=raasystem-backend)

2025-11-11 05:38:26.165152 container start 9c911fadec3ebb945b4ca35d246d2bb26ce95b6a7151d469d1339ed129aec187 (image=current-backend, name=raasystem-backend)

2025-11-11 05:38:26.755884 container die 9c911fadec3ebb945b4ca35d246d2bb26ce95b6a7151d469d1339ed129aec187 (execDuration=0, exitCode=1, image=current-backend, name=raasystem-backend)

2025-11-11 05:38:33.112993 container start 9c911fadec3ebb945b4ca35d246d2bb26ce95b6a7151d469d1339ed129aec187 (image=current-backend, name=raasystem-backend)

2025-11-11 05:38:33.517249 container die 9c911fadec3ebb945b4ca35d246d2bb26ce95b6a7151d469d1339ed129aec187 (execDuration=0, exitCode=1, image=current-backend, name=raasystem-backend)

2025-11-11 05:38:46.349303 container start 9c911fadec3ebb945b4ca35d246d2bb26ce95b6a7151d469d1339ed129aec187 (image=current-backend, name=raasystem-backend)

2025-11-11 05:38:46.835314 container die 9c911fadec3ebb945b4ca35d246d2bb26ce95b6a7151d469d1339ed129aec187 (name=raasystem-backend, execDuration=0, exitCode=1, image=current-backend)

2025-11-11 05:39:12.461622 container start 9c911fadec3ebb945b4ca35d246d2bb26ce95b6a7151d469d1339ed129aec187 (image=current-backend, name=raasystem-backend)

2025-11-11 05:39:12.925802 container die 9c911fadec3ebb945b4ca35d246d2bb26ce95b6a7151d469d1339ed129aec187 (execDuration=0, exitCode=1, image=current-backend, name=raasystem-backend)

2025-11-11 05:40:04.190807 container start 9c911fadec3ebb945b4ca35d246d2bb26ce95b6a7151d469d1339ed129aec187 (image=current-backend, name=raasystem-backend)

2025-11-11 05:40:04.777985 container die 9c911fadec3ebb945b4ca35d246d2bb26ce95b6a7151d469d1339ed129aec187 (execDuration=0, exitCode=1, image=current-backend, name=raasystem-backend)

2025-11-11 05:41:04.695395 container start 9c911fadec3ebb945b4ca35d246d2bb26ce95b6a7151d469d1339ed129aec187 (name=raasystem-backend, image=current-backend)

2025-11-11 05:41:05.136600 container die 9c911fadec3ebb945b4ca35d246d2bb26ce95b6a7151d469d1339ed129aec187 (exitCode=1, execDuration=0, image=current-backend, name=raasystem-backend)

2025-11-11 05:42:05.140035 container start 9c911fadec3ebb945b4ca35d246d2bb26ce95b6a7151d469d1339ed129aec187 (name=raasystem-backend, image=current-backend)

2025-11-11 05:42:05.585175 container die 9c911fadec3ebb945b4ca35d246d2bb26ce95b6a7151d469d1339ed129aec187 (execDuration=0, exitCode=1, image=current-backend, name=raasystem-backend)

2025-11-11 05:43:05.628705 container start 9c911fadec3ebb945b4ca35d246d2bb26ce95b6a7151d469d1339ed129aec187 (name=raasystem-backend, image=current-backend)

2025-11-11 05:43:06.127214 container die 9c911fadec3ebb945b4ca35d246d2bb26ce95b6a7151d469d1339ed129aec187 (execDuration=0, exitCode=1, image=current-backend, name=raasystem-backend)

2025-11-11 05:44:06.071195 container start 9c911fadec3ebb945b4ca35d246d2bb26ce95b6a7151d469d1339ed129aec187 (image=current-backend, name=raasystem-backend)

2025-11-11 05:44:06.566431 container die 9c911fadec3ebb945b4ca35d246d2bb26ce95b6a7151d469d1339ed129aec187 (image=current-backend, execDuration=0, name=raasystem-backend, exitCode=1)

2025-11-11 05:45:06.526896 container start 9c911fadec3ebb945b4ca35d246d2bb26ce95b6a7151d469d1339ed129aec187 (name=raasystem-backend, image=current-backend)

2025-11-11 05:45:06.957040 container die 9c911fadec3ebb945b4ca35d246d2bb26ce95b6a7151d469d1339ed129aec187 (execDuration=0, exitCode=1, image=current-backend, name=raasystem-backend)

2025-11-11 05:46:06.978177 container start 9c911fadec3ebb945b4ca35d246d2bb26ce95b6a7151d469d1339ed129aec187 (name=raasystem-backend, image=current-backend)

2025-11-11 05:46:07.435477 container die 9c911fadec3ebb945b4ca35d246d2bb26ce95b6a7151d469d1339ed129aec187 (image=current-backend, name=raasystem-backend, execDuration=0, exitCode=1)

2025-11-11 05:47:07.707451 container start 9c911fadec3ebb945b4ca35d246d2bb26ce95b6a7151d469d1339ed129aec187 (name=raasystem-backend, image=current-backend)

2025-11-11 05:47:08.492576 container die 9c911fadec3ebb945b4ca35d246d2bb26ce95b6a7151d469d1339ed129aec187 (execDuration=0, exitCode=1, image=current-backend, name=raasystem-backend)


time="2025-11-11T05:47:15Z" level=warning msg="/var/app/current/docker-compose.yml: the attribute `version` is obsolete, it will be ignored, please remove it to avoid potential confusion"
2025-11-11 05:47:15.990721 container create 903e9b0a55bdca312e811b44fafe39867c5651f37d6708ed606e8d65d2b1ca24 (image=current-backend, name=raasystem-backend)

2025-11-11 05:47:16.489953 container start 903e9b0a55bdca312e811b44fafe39867c5651f37d6708ed606e8d65d2b1ca24 (image=current-backend, name=raasystem-backend)

2025-11-11 05:47:17.230759 container die 903e9b0a55bdca312e811b44fafe39867c5651f37d6708ed606e8d65d2b1ca24 (execDuration=0, exitCode=1, image=current-backend, name=raasystem-backend)

2025-11-11 05:47:17.756912 container start 903e9b0a55bdca312e811b44fafe39867c5651f37d6708ed606e8d65d2b1ca24 (image=current-backend, name=raasystem-backend)

2025-11-11 05:47:18.308545 container die 903e9b0a55bdca312e811b44fafe39867c5651f37d6708ed606e8d65d2b1ca24 (execDuration=0, exitCode=1, image=current-backend, name=raasystem-backend)

2025-11-11 05:47:18.720950 container start 903e9b0a55bdca312e811b44fafe39867c5651f37d6708ed606e8d65d2b1ca24 (image=current-backend, name=raasystem-backend)

2025-11-11 05:47:19.146703 container die 903e9b0a55bdca312e811b44fafe39867c5651f37d6708ed606e8d65d2b1ca24 (image=current-backend, name=raasystem-backend, execDuration=0, exitCode=1)

2025-11-11 05:47:19.590932 container start 903e9b0a55bdca312e811b44fafe39867c5651f37d6708ed606e8d65d2b1ca24 (image=current-backend, name=raasystem-backend)

2025-11-11 05:47:20.015707 container die 903e9b0a55bdca312e811b44fafe39867c5651f37d6708ed606e8d65d2b1ca24 (image=current-backend, execDuration=0, exitCode=1, name=raasystem-backend)

2025-11-11 05:47:20.870677 container start 903e9b0a55bdca312e811b44fafe39867c5651f37d6708ed606e8d65d2b1ca24 (name=raasystem-backend, image=current-backend)

2025-11-11 05:47:21.316591 container die 903e9b0a55bdca312e811b44fafe39867c5651f37d6708ed606e8d65d2b1ca24 (execDuration=0, exitCode=1, image=current-backend, name=raasystem-backend)

2025-11-11 05:47:22.935850 container start 903e9b0a55bdca312e811b44fafe39867c5651f37d6708ed606e8d65d2b1ca24 (image=current-backend, name=raasystem-backend)

2025-11-11 05:47:23.505766 container die 903e9b0a55bdca312e811b44fafe39867c5651f37d6708ed606e8d65d2b1ca24 (image=current-backend, name=raasystem-backend, execDuration=0, exitCode=1)

2025-11-11 05:47:26.661104 container start 903e9b0a55bdca312e811b44fafe39867c5651f37d6708ed606e8d65d2b1ca24 (name=raasystem-backend, image=current-backend)

2025-11-11 05:47:27.105381 container die 903e9b0a55bdca312e811b44fafe39867c5651f37d6708ed606e8d65d2b1ca24 (image=current-backend, name=raasystem-backend, execDuration=0, exitCode=1)

2025-11-11 05:47:33.562707 container start 903e9b0a55bdca312e811b44fafe39867c5651f37d6708ed606e8d65d2b1ca24 (name=raasystem-backend, image=current-backend)

2025-11-11 05:47:34.014884 container die 903e9b0a55bdca312e811b44fafe39867c5651f37d6708ed606e8d65d2b1ca24 (name=raasystem-backend, execDuration=0, exitCode=1, image=current-backend)

2025-11-11 05:47:46.809697 container start 903e9b0a55bdca312e811b44fafe39867c5651f37d6708ed606e8d65d2b1ca24 (name=raasystem-backend, image=current-backend)

2025-11-11 05:47:47.255561 container die 903e9b0a55bdca312e811b44fafe39867c5651f37d6708ed606e8d65d2b1ca24 (execDuration=0, exitCode=1, image=current-backend, name=raasystem-backend)

2025-11-11 05:48:12.904514 container start 903e9b0a55bdca312e811b44fafe39867c5651f37d6708ed606e8d65d2b1ca24 (name=raasystem-backend, image=current-backend)

2025-11-11 05:48:13.367170 container die 903e9b0a55bdca312e811b44fafe39867c5651f37d6708ed606e8d65d2b1ca24 (name=raasystem-backend, execDuration=0, exitCode=1, image=current-backend)

2025-11-11 05:49:04.562344 container start 903e9b0a55bdca312e811b44fafe39867c5651f37d6708ed606e8d65d2b1ca24 (image=current-backend, name=raasystem-backend)

2025-11-11 05:49:04.985609 container die 903e9b0a55bdca312e811b44fafe39867c5651f37d6708ed606e8d65d2b1ca24 (execDuration=0, image=current-backend, exitCode=1, name=raasystem-backend)

2025-11-11 05:50:05.073945 container start 903e9b0a55bdca312e811b44fafe39867c5651f37d6708ed606e8d65d2b1ca24 (name=raasystem-backend, image=current-backend)

2025-11-11 05:50:05.526474 container die 903e9b0a55bdca312e811b44fafe39867c5651f37d6708ed606e8d65d2b1ca24 (image=current-backend, execDuration=0, exitCode=1, name=raasystem-backend)

2025-11-11 05:51:05.545125 container start 903e9b0a55bdca312e811b44fafe39867c5651f37d6708ed606e8d65d2b1ca24 (name=raasystem-backend, image=current-backend)

2025-11-11 05:51:05.985139 container die 903e9b0a55bdca312e811b44fafe39867c5651f37d6708ed606e8d65d2b1ca24 (image=current-backend, name=raasystem-backend, execDuration=0, exitCode=1)

2025-11-11 05:52:06.063715 container start 903e9b0a55bdca312e811b44fafe39867c5651f37d6708ed606e8d65d2b1ca24 (name=raasystem-backend, image=current-backend)

2025-11-11 05:52:06.538633 container die 903e9b0a55bdca312e811b44fafe39867c5651f37d6708ed606e8d65d2b1ca24 (execDuration=0, exitCode=1, image=current-backend, name=raasystem-backend)

2025-11-11 05:53:06.552062 container start 903e9b0a55bdca312e811b44fafe39867c5651f37d6708ed606e8d65d2b1ca24 (image=current-backend, name=raasystem-backend)

2025-11-11 05:53:07.027183 container die 903e9b0a55bdca312e811b44fafe39867c5651f37d6708ed606e8d65d2b1ca24 (execDuration=0, exitCode=1, image=current-backend, name=raasystem-backend)

2025-11-11 05:54:07.030956 container start 903e9b0a55bdca312e811b44fafe39867c5651f37d6708ed606e8d65d2b1ca24 (name=raasystem-backend, image=current-backend)

2025-11-11 05:54:07.474653 container die 903e9b0a55bdca312e811b44fafe39867c5651f37d6708ed606e8d65d2b1ca24 (image=current-backend, name=raasystem-backend, execDuration=0, exitCode=1)

2025-11-11 05:55:07.483799 container start 903e9b0a55bdca312e811b44fafe39867c5651f37d6708ed606e8d65d2b1ca24 (image=current-backend, name=raasystem-backend)

2025-11-11 05:55:07.895984 container die 903e9b0a55bdca312e811b44fafe39867c5651f37d6708ed606e8d65d2b1ca24 (exitCode=1, name=raasystem-backend, image=current-backend, execDuration=0)

2025-11-11 05:56:07.919109 container start 903e9b0a55bdca312e811b44fafe39867c5651f37d6708ed606e8d65d2b1ca24 (image=current-backend, name=raasystem-backend)

2025-11-11 05:56:08.414896 container die 903e9b0a55bdca312e811b44fafe39867c5651f37d6708ed606e8d65d2b1ca24 (exitCode=1, name=raasystem-backend, execDuration=0, image=current-backend)

2025-11-11 05:57:08.337798 container start 903e9b0a55bdca312e811b44fafe39867c5651f37d6708ed606e8d65d2b1ca24 (image=current-backend, name=raasystem-backend)

2025-11-11 05:57:08.815241 container die 903e9b0a55bdca312e811b44fafe39867c5651f37d6708ed606e8d65d2b1ca24 (name=raasystem-backend, image=current-backend, execDuration=0, exitCode=1)

2025-11-11 05:58:08.789179 container start 903e9b0a55bdca312e811b44fafe39867c5651f37d6708ed606e8d65d2b1ca24 (name=raasystem-backend, image=current-backend)

2025-11-11 05:58:09.255896 container die 903e9b0a55bdca312e811b44fafe39867c5651f37d6708ed606e8d65d2b1ca24 (execDuration=0, name=raasystem-backend, exitCode=1, image=current-backend)

2025-11-11 05:59:09.256118 container start 903e9b0a55bdca312e811b44fafe39867c5651f37d6708ed606e8d65d2b1ca24 (image=current-backend, name=raasystem-backend)

2025-11-11 05:59:09.694880 container die 903e9b0a55bdca312e811b44fafe39867c5651f37d6708ed606e8d65d2b1ca24 (name=raasystem-backend, execDuration=0, exitCode=1, image=current-backend)

2025-11-11 06:00:09.739915 container start 903e9b0a55bdca312e811b44fafe39867c5651f37d6708ed606e8d65d2b1ca24 (image=current-backend, name=raasystem-backend)

2025-11-11 06:00:10.114906 container die 903e9b0a55bdca312e811b44fafe39867c5651f37d6708ed606e8d65d2b1ca24 (image=current-backend, name=raasystem-backend, execDuration=0, exitCode=1)

2025-11-11 06:01:10.188775 container start 903e9b0a55bdca312e811b44fafe39867c5651f37d6708ed606e8d65d2b1ca24 (image=current-backend, name=raasystem-backend)

2025-11-11 06:01:10.645568 container die 903e9b0a55bdca312e811b44fafe39867c5651f37d6708ed606e8d65d2b1ca24 (image=current-backend, name=raasystem-backend, execDuration=0, exitCode=1)

2025-11-11 06:02:10.687311 container start 903e9b0a55bdca312e811b44fafe39867c5651f37d6708ed606e8d65d2b1ca24 (name=raasystem-backend, image=current-backend)

2025-11-11 06:02:11.166767 container die 903e9b0a55bdca312e811b44fafe39867c5651f37d6708ed606e8d65d2b1ca24 (name=raasystem-backend, image=current-backend, execDuration=0, exitCode=1)

2025-11-11 06:03:11.231626 container start 903e9b0a55bdca312e811b44fafe39867c5651f37d6708ed606e8d65d2b1ca24 (image=current-backend, name=raasystem-backend)

2025-11-11 06:03:11.695077 container die 903e9b0a55bdca312e811b44fafe39867c5651f37d6708ed606e8d65d2b1ca24 (exitCode=1, image=current-backend, execDuration=0, name=raasystem-backend)

2025-11-11 06:04:11.787772 container start 903e9b0a55bdca312e811b44fafe39867c5651f37d6708ed606e8d65d2b1ca24 (name=raasystem-backend, image=current-backend)

2025-11-11 06:04:12.234898 container die 903e9b0a55bdca312e811b44fafe39867c5651f37d6708ed606e8d65d2b1ca24 (image=current-backend, name=raasystem-backend, execDuration=0, exitCode=1)

2025-11-11 06:05:12.249898 container start 903e9b0a55bdca312e811b44fafe39867c5651f37d6708ed606e8d65d2b1ca24 (name=raasystem-backend, image=current-backend)

2025-11-11 06:05:12.665657 container die 903e9b0a55bdca312e811b44fafe39867c5651f37d6708ed606e8d65d2b1ca24 (exitCode=1, image=current-backend, name=raasystem-backend, execDuration=0)

2025-11-11 06:06:12.710078 container start 903e9b0a55bdca312e811b44fafe39867c5651f37d6708ed606e8d65d2b1ca24 (image=current-backend, name=raasystem-backend)

2025-11-11 06:06:13.224982 container die 903e9b0a55bdca312e811b44fafe39867c5651f37d6708ed606e8d65d2b1ca24 (exitCode=1, image=current-backend, name=raasystem-backend, execDuration=0)

2025-11-11 06:07:13.193531 container start 903e9b0a55bdca312e811b44fafe39867c5651f37d6708ed606e8d65d2b1ca24 (image=current-backend, name=raasystem-backend)

2025-11-11 06:07:13.627281 container die 903e9b0a55bdca312e811b44fafe39867c5651f37d6708ed606e8d65d2b1ca24 (execDuration=0, exitCode=1, image=current-backend, name=raasystem-backend)

2025-11-11 06:08:13.613774 container start 903e9b0a55bdca312e811b44fafe39867c5651f37d6708ed606e8d65d2b1ca24 (name=raasystem-backend, image=current-backend)

2025-11-11 06:08:14.020658 container die 903e9b0a55bdca312e811b44fafe39867c5651f37d6708ed606e8d65d2b1ca24 (execDuration=0, name=raasystem-backend, exitCode=1, image=current-backend)

2025-11-11 06:09:14.079345 container start 903e9b0a55bdca312e811b44fafe39867c5651f37d6708ed606e8d65d2b1ca24 (name=raasystem-backend, image=current-backend)

2025-11-11 06:09:14.516950 container die 903e9b0a55bdca312e811b44fafe39867c5651f37d6708ed606e8d65d2b1ca24 (execDuration=0, image=current-backend, exitCode=1, name=raasystem-backend)

2025-11-11 06:10:14.564036 container start 903e9b0a55bdca312e811b44fafe39867c5651f37d6708ed606e8d65d2b1ca24 (image=current-backend, name=raasystem-backend)

2025-11-11 06:10:14.985645 container die 903e9b0a55bdca312e811b44fafe39867c5651f37d6708ed606e8d65d2b1ca24 (execDuration=0, image=current-backend, name=raasystem-backend, exitCode=1)

2025-11-11 06:11:15.065823 container start 903e9b0a55bdca312e811b44fafe39867c5651f37d6708ed606e8d65d2b1ca24 (image=current-backend, name=raasystem-backend)

2025-11-11 06:11:15.515032 container die 903e9b0a55bdca312e811b44fafe39867c5651f37d6708ed606e8d65d2b1ca24 (exitCode=1, execDuration=0, image=current-backend, name=raasystem-backend)

2025-11-11 06:12:15.508013 container start 903e9b0a55bdca312e811b44fafe39867c5651f37d6708ed606e8d65d2b1ca24 (image=current-backend, name=raasystem-backend)

2025-11-11 06:12:15.916459 container die 903e9b0a55bdca312e811b44fafe39867c5651f37d6708ed606e8d65d2b1ca24 (execDuration=0, exitCode=1, name=raasystem-backend, image=current-backend)

2025-11-11 06:13:16.012725 container start 903e9b0a55bdca312e811b44fafe39867c5651f37d6708ed606e8d65d2b1ca24 (image=current-backend, name=raasystem-backend)

2025-11-11 06:13:16.486876 container die 903e9b0a55bdca312e811b44fafe39867c5651f37d6708ed606e8d65d2b1ca24 (image=current-backend, name=raasystem-backend, exitCode=1, execDuration=0)

2025-11-11 06:14:16.500754 container start 903e9b0a55bdca312e811b44fafe39867c5651f37d6708ed606e8d65d2b1ca24 (image=current-backend, name=raasystem-backend)

2025-11-11 06:14:16.955074 container die 903e9b0a55bdca312e811b44fafe39867c5651f37d6708ed606e8d65d2b1ca24 (execDuration=0, exitCode=1, image=current-backend, name=raasystem-backend)

2025-11-11 06:15:17.018682 container start 903e9b0a55bdca312e811b44fafe39867c5651f37d6708ed606e8d65d2b1ca24 (image=current-backend, name=raasystem-backend)

2025-11-11 06:15:17.466029 container die 903e9b0a55bdca312e811b44fafe39867c5651f37d6708ed606e8d65d2b1ca24 (image=current-backend, exitCode=1, name=raasystem-backend, execDuration=0)

2025-11-11 06:16:17.490479 container start 903e9b0a55bdca312e811b44fafe39867c5651f37d6708ed606e8d65d2b1ca24 (name=raasystem-backend, image=current-backend)

2025-11-11 06:16:18.026643 container die 903e9b0a55bdca312e811b44fafe39867c5651f37d6708ed606e8d65d2b1ca24 (exitCode=1, image=current-backend, name=raasystem-backend, execDuration=0)

2025-11-11 06:17:18.041183 container start 903e9b0a55bdca312e811b44fafe39867c5651f37d6708ed606e8d65d2b1ca24 (name=raasystem-backend, image=current-backend)

2025-11-11 06:17:18.527471 container die 903e9b0a55bdca312e811b44fafe39867c5651f37d6708ed606e8d65d2b1ca24 (name=raasystem-backend, execDuration=0, exitCode=1, image=current-backend)

2025-11-11 06:18:18.494700 container start 903e9b0a55bdca312e811b44fafe39867c5651f37d6708ed606e8d65d2b1ca24 (name=raasystem-backend, image=current-backend)

2025-11-11 06:18:19.004998 container die 903e9b0a55bdca312e811b44fafe39867c5651f37d6708ed606e8d65d2b1ca24 (execDuration=0, exitCode=1, image=current-backend, name=raasystem-backend)

2025-11-11 06:19:18.948810 container start 903e9b0a55bdca312e811b44fafe39867c5651f37d6708ed606e8d65d2b1ca24 (image=current-backend, name=raasystem-backend)

2025-11-11 06:19:19.364824 container die 903e9b0a55bdca312e811b44fafe39867c5651f37d6708ed606e8d65d2b1ca24 (exitCode=1, image=current-backend, name=raasystem-backend, execDuration=0)

2025-11-11 06:20:19.373731 container start 903e9b0a55bdca312e811b44fafe39867c5651f37d6708ed606e8d65d2b1ca24 (image=current-backend, name=raasystem-backend)

2025-11-11 06:20:19.825657 container die 903e9b0a55bdca312e811b44fafe39867c5651f37d6708ed606e8d65d2b1ca24 (name=raasystem-backend, execDuration=0, exitCode=1, image=current-backend)

2025-11-11 06:21:19.850649 container start 903e9b0a55bdca312e811b44fafe39867c5651f37d6708ed606e8d65d2b1ca24 (name=raasystem-backend, image=current-backend)

2025-11-11 06:21:20.274351 container die 903e9b0a55bdca312e811b44fafe39867c5651f37d6708ed606e8d65d2b1ca24 (name=raasystem-backend, execDuration=0, exitCode=1, image=current-backend)

