# Logfile created on 2025-11-11 05:21:12 +0000 by logger.rb/v1.7.0
A, [2025-11-11T05:21:14.300983 #2657]   ANY -- : healthd daemon 1.0.7 initialized
W, [2025-11-11T05:21:14.416618 #2657]  WARN -- : log file "/var/log/nginx/healthd/application.log.2025-11-11-05" does not exist
W, [2025-11-11T05:21:19.419365 #2657]  WARN -- : log file "/var/log/nginx/healthd/application.log.2025-11-11-05" does not exist
W, [2025-11-11T05:21:24.420291 #2657]  WARN -- : log file "/var/log/nginx/healthd/application.log.2025-11-11-05" does not exist
W, [2025-11-11T05:21:29.420603 #2657]  WARN -- : log file "/var/log/nginx/healthd/application.log.2025-11-11-05" does not exist
W, [2025-11-11T05:21:34.420859 #2657]  WARN -- : log file "/var/log/nginx/healthd/application.log.2025-11-11-05" does not exist
W, [2025-11-11T05:21:39.421126 #2657]  WARN -- : log file "/var/log/nginx/healthd/application.log.2025-11-11-05" does not exist
W, [2025-11-11T05:21:44.421367 #2657]  WARN -- : log file "/var/log/nginx/healthd/application.log.2025-11-11-05" does not exist
W, [2025-11-11T05:21:49.421639 #2657]  WARN -- : log file "/var/log/nginx/healthd/application.log.2025-11-11-05" does not exist
W, [2025-11-11T05:21:54.421909 #2657]  WARN -- : log file "/var/log/nginx/healthd/application.log.2025-11-11-05" does not exist
W, [2025-11-11T05:21:59.422171 #2657]  WARN -- : log file "/var/log/nginx/healthd/application.log.2025-11-11-05" does not exist
W, [2025-11-11T05:22:04.422439 #2657]  WARN -- : log file "/var/log/nginx/healthd/application.log.2025-11-11-05" does not exist
W, [2025-11-11T05:22:09.422686 #2657]  WARN -- : log file "/var/log/nginx/healthd/application.log.2025-11-11-05" does not exist
W, [2025-11-11T05:22:14.422943 #2657]  WARN -- : log file "/var/log/nginx/healthd/application.log.2025-11-11-05" does not exist
W, [2025-11-11T05:22:19.423196 #2657]  WARN -- : log file "/var/log/nginx/healthd/application.log.2025-11-11-05" does not exist
W, [2025-11-11T05:22:24.423445 #2657]  WARN -- : log file "/var/log/nginx/healthd/application.log.2025-11-11-05" does not exist
W, [2025-11-11T05:22:29.423690 #2657]  WARN -- : log file "/var/log/nginx/healthd/application.log.2025-11-11-05" does not exist
W, [2025-11-11T05:22:34.423961 #2657]  WARN -- : log file "/var/log/nginx/healthd/application.log.2025-11-11-05" does not exist
W, [2025-11-11T05:22:39.424273 #2657]  WARN -- : log file "/var/log/nginx/healthd/application.log.2025-11-11-05" does not exist
W, [2025-11-11T05:22:44.424533 #2657]  WARN -- : log file "/var/log/nginx/healthd/application.log.2025-11-11-05" does not exist
W, [2025-11-11T05:22:49.424775 #2657]  WARN -- : log file "/var/log/nginx/healthd/application.log.2025-11-11-05" does not exist
W, [2025-11-11T05:22:54.425016 #2657]  WARN -- : log file "/var/log/nginx/healthd/application.log.2025-11-11-05" does not exist
W, [2025-11-11T05:22:59.425263 #2657]  WARN -- : log file "/var/log/nginx/healthd/application.log.2025-11-11-05" does not exist
W, [2025-11-11T05:23:04.425519 #2657]  WARN -- : log file "/var/log/nginx/healthd/application.log.2025-11-11-05" does not exist
W, [2025-11-11T05:23:09.425776 #2657]  WARN -- : log file "/var/log/nginx/healthd/application.log.2025-11-11-05" does not exist
W, [2025-11-11T05:23:14.426043 #2657]  WARN -- : log file "/var/log/nginx/healthd/application.log.2025-11-11-05" does not exist
W, [2025-11-11T05:23:19.426302 #2657]  WARN -- : log file "/var/log/nginx/healthd/application.log.2025-11-11-05" does not exist
W, [2025-11-11T05:23:24.426559 #2657]  WARN -- : log file "/var/log/nginx/healthd/application.log.2025-11-11-05" does not exist
W, [2025-11-11T05:23:29.426808 #2657]  WARN -- : log file "/var/log/nginx/healthd/application.log.2025-11-11-05" does not exist
W, [2025-11-11T05:23:34.427063 #2657]  WARN -- : log file "/var/log/nginx/healthd/application.log.2025-11-11-05" does not exist
W, [2025-11-11T05:23:39.427325 #2657]  WARN -- : log file "/var/log/nginx/healthd/application.log.2025-11-11-05" does not exist
W, [2025-11-11T05:23:44.427569 #2657]  WARN -- : log file "/var/log/nginx/healthd/application.log.2025-11-11-05" does not exist
W, [2025-11-11T05:23:49.427832 #2657]  WARN -- : log file "/var/log/nginx/healthd/application.log.2025-11-11-05" does not exist
W, [2025-11-11T05:23:54.428095 #2657]  WARN -- : log file "/var/log/nginx/healthd/application.log.2025-11-11-05" does not exist
W, [2025-11-11T05:23:59.428458 #2657]  WARN -- : log file "/var/log/nginx/healthd/application.log.2025-11-11-05" does not exist
W, [2025-11-11T05:24:04.428702 #2657]  WARN -- : log file "/var/log/nginx/healthd/application.log.2025-11-11-05" does not exist
W, [2025-11-11T05:24:09.428955 #2657]  WARN -- : log file "/var/log/nginx/healthd/application.log.2025-11-11-05" does not exist
W, [2025-11-11T05:24:14.429192 #2657]  WARN -- : log file "/var/log/nginx/healthd/application.log.2025-11-11-05" does not exist
W, [2025-11-11T05:24:19.429451 #2657]  WARN -- : log file "/var/log/nginx/healthd/application.log.2025-11-11-05" does not exist
W, [2025-11-11T05:24:24.429708 #2657]  WARN -- : log file "/var/log/nginx/healthd/application.log.2025-11-11-05" does not exist
W, [2025-11-11T05:24:29.429937 #2657]  WARN -- : log file "/var/log/nginx/healthd/application.log.2025-11-11-05" does not exist
W, [2025-11-11T05:24:34.430240 #2657]  WARN -- : log file "/var/log/nginx/healthd/application.log.2025-11-11-05" does not exist
W, [2025-11-11T05:24:39.430467 #2657]  WARN -- : log file "/var/log/nginx/healthd/application.log.2025-11-11-05" does not exist
W, [2025-11-11T05:24:44.430736 #2657]  WARN -- : log file "/var/log/nginx/healthd/application.log.2025-11-11-05" does not exist
W, [2025-11-11T05:24:49.430961 #2657]  WARN -- : log file "/var/log/nginx/healthd/application.log.2025-11-11-05" does not exist
W, [2025-11-11T05:24:54.431207 #2657]  WARN -- : log file "/var/log/nginx/healthd/application.log.2025-11-11-05" does not exist
W, [2025-11-11T05:24:59.431470 #2657]  WARN -- : log file "/var/log/nginx/healthd/application.log.2025-11-11-05" does not exist
W, [2025-11-11T05:25:04.431735 #2657]  WARN -- : log file "/var/log/nginx/healthd/application.log.2025-11-11-05" does not exist
W, [2025-11-11T05:25:09.431972 #2657]  WARN -- : log file "/var/log/nginx/healthd/application.log.2025-11-11-05" does not exist
W, [2025-11-11T05:25:14.432330 #2657]  WARN -- : log file "/var/log/nginx/healthd/application.log.2025-11-11-05" does not exist
W, [2025-11-11T05:25:19.432671 #2657]  WARN -- : log file "/var/log/nginx/healthd/application.log.2025-11-11-05" does not exist
W, [2025-11-11T05:25:24.433017 #2657]  WARN -- : log file "/var/log/nginx/healthd/application.log.2025-11-11-05" does not exist
W, [2025-11-11T05:25:29.433266 #2657]  WARN -- : log file "/var/log/nginx/healthd/application.log.2025-11-11-05" does not exist
W, [2025-11-11T05:25:34.433514 #2657]  WARN -- : log file "/var/log/nginx/healthd/application.log.2025-11-11-05" does not exist
W, [2025-11-11T05:25:39.433769 #2657]  WARN -- : log file "/var/log/nginx/healthd/application.log.2025-11-11-05" does not exist
W, [2025-11-11T05:25:44.434035 #2657]  WARN -- : log file "/var/log/nginx/healthd/application.log.2025-11-11-05" does not exist
W, [2025-11-11T05:25:49.434247 #2657]  WARN -- : log file "/var/log/nginx/healthd/application.log.2025-11-11-05" does not exist
W, [2025-11-11T05:25:54.434494 #2657]  WARN -- : log file "/var/log/nginx/healthd/application.log.2025-11-11-05" does not exist
W, [2025-11-11T05:25:59.434748 #2657]  WARN -- : log file "/var/log/nginx/healthd/application.log.2025-11-11-05" does not exist
W, [2025-11-11T05:26:04.435041 #2657]  WARN -- : log file "/var/log/nginx/healthd/application.log.2025-11-11-05" does not exist
W, [2025-11-11T05:26:09.435313 #2657]  WARN -- : log file "/var/log/nginx/healthd/application.log.2025-11-11-05" does not exist
W, [2025-11-11T05:26:14.435622 #2657]  WARN -- : log file "/var/log/nginx/healthd/application.log.2025-11-11-05" does not exist
W, [2025-11-11T05:26:19.435880 #2657]  WARN -- : log file "/var/log/nginx/healthd/application.log.2025-11-11-05" does not exist
W, [2025-11-11T05:26:24.436139 #2657]  WARN -- : log file "/var/log/nginx/healthd/application.log.2025-11-11-05" does not exist
W, [2025-11-11T05:26:29.436603 #2657]  WARN -- : log file "/var/log/nginx/healthd/application.log.2025-11-11-05" does not exist
W, [2025-11-11T05:26:34.436865 #2657]  WARN -- : log file "/var/log/nginx/healthd/application.log.2025-11-11-05" does not exist
W, [2025-11-11T05:26:39.437180 #2657]  WARN -- : log file "/var/log/nginx/healthd/application.log.2025-11-11-05" does not exist
W, [2025-11-11T05:26:44.437424 #2657]  WARN -- : log file "/var/log/nginx/healthd/application.log.2025-11-11-05" does not exist
W, [2025-11-11T05:26:49.437681 #2657]  WARN -- : log file "/var/log/nginx/healthd/application.log.2025-11-11-05" does not exist
W, [2025-11-11T05:26:54.437928 #2657]  WARN -- : log file "/var/log/nginx/healthd/application.log.2025-11-11-05" does not exist
W, [2025-11-11T05:26:59.438177 #2657]  WARN -- : log file "/var/log/nginx/healthd/application.log.2025-11-11-05" does not exist
W, [2025-11-11T05:27:04.438428 #2657]  WARN -- : log file "/var/log/nginx/healthd/application.log.2025-11-11-05" does not exist
W, [2025-11-11T05:27:09.438686 #2657]  WARN -- : log file "/var/log/nginx/healthd/application.log.2025-11-11-05" does not exist
W, [2025-11-11T05:27:14.438948 #2657]  WARN -- : log file "/var/log/nginx/healthd/application.log.2025-11-11-05" does not exist
W, [2025-11-11T05:27:19.439217 #2657]  WARN -- : log file "/var/log/nginx/healthd/application.log.2025-11-11-05" does not exist
W, [2025-11-11T05:27:24.439485 #2657]  WARN -- : log file "/var/log/nginx/healthd/application.log.2025-11-11-05" does not exist
W, [2025-11-11T05:27:29.439744 #2657]  WARN -- : log file "/var/log/nginx/healthd/application.log.2025-11-11-05" does not exist
W, [2025-11-11T05:27:34.440006 #2657]  WARN -- : log file "/var/log/nginx/healthd/application.log.2025-11-11-05" does not exist
W, [2025-11-11T05:27:39.440354 #2657]  WARN -- : log file "/var/log/nginx/healthd/application.log.2025-11-11-05" does not exist
W, [2025-11-11T05:27:44.440618 #2657]  WARN -- : log file "/var/log/nginx/healthd/application.log.2025-11-11-05" does not exist
W, [2025-11-11T05:27:49.440882 #2657]  WARN -- : log file "/var/log/nginx/healthd/application.log.2025-11-11-05" does not exist
W, [2025-11-11T05:27:54.441158 #2657]  WARN -- : log file "/var/log/nginx/healthd/application.log.2025-11-11-05" does not exist
W, [2025-11-11T05:27:59.441418 #2657]  WARN -- : log file "/var/log/nginx/healthd/application.log.2025-11-11-05" does not exist
W, [2025-11-11T05:28:04.441687 #2657]  WARN -- : log file "/var/log/nginx/healthd/application.log.2025-11-11-05" does not exist
W, [2025-11-11T05:28:09.442044 #2657]  WARN -- : log file "/var/log/nginx/healthd/application.log.2025-11-11-05" does not exist
W, [2025-11-11T05:28:14.442301 #2657]  WARN -- : log file "/var/log/nginx/healthd/application.log.2025-11-11-05" does not exist
W, [2025-11-11T05:28:19.442566 #2657]  WARN -- : log file "/var/log/nginx/healthd/application.log.2025-11-11-05" does not exist
W, [2025-11-11T05:28:24.442829 #2657]  WARN -- : log file "/var/log/nginx/healthd/application.log.2025-11-11-05" does not exist
W, [2025-11-11T05:28:29.443078 #2657]  WARN -- : log file "/var/log/nginx/healthd/application.log.2025-11-11-05" does not exist
W, [2025-11-11T05:28:34.443325 #2657]  WARN -- : log file "/var/log/nginx/healthd/application.log.2025-11-11-05" does not exist
W, [2025-11-11T05:28:39.443588 #2657]  WARN -- : log file "/var/log/nginx/healthd/application.log.2025-11-11-05" does not exist
W, [2025-11-11T05:28:44.443861 #2657]  WARN -- : log file "/var/log/nginx/healthd/application.log.2025-11-11-05" does not exist
W, [2025-11-11T05:28:49.444118 #2657]  WARN -- : log file "/var/log/nginx/healthd/application.log.2025-11-11-05" does not exist
W, [2025-11-11T05:28:54.444492 #2657]  WARN -- : log file "/var/log/nginx/healthd/application.log.2025-11-11-05" does not exist
W, [2025-11-11T05:28:59.444749 #2657]  WARN -- : log file "/var/log/nginx/healthd/application.log.2025-11-11-05" does not exist
W, [2025-11-11T05:29:04.445011 #2657]  WARN -- : log file "/var/log/nginx/healthd/application.log.2025-11-11-05" does not exist
W, [2025-11-11T05:29:09.445361 #2657]  WARN -- : log file "/var/log/nginx/healthd/application.log.2025-11-11-05" does not exist
W, [2025-11-11T05:29:14.445617 #2657]  WARN -- : log file "/var/log/nginx/healthd/application.log.2025-11-11-05" does not exist
W, [2025-11-11T05:29:19.445858 #2657]  WARN -- : log file "/var/log/nginx/healthd/application.log.2025-11-11-05" does not exist
W, [2025-11-11T05:29:24.446117 #2657]  WARN -- : log file "/var/log/nginx/healthd/application.log.2025-11-11-05" does not exist
W, [2025-11-11T05:29:29.446403 #2657]  WARN -- : log file "/var/log/nginx/healthd/application.log.2025-11-11-05" does not exist
W, [2025-11-11T05:29:34.446658 #2657]  WARN -- : log file "/var/log/nginx/healthd/application.log.2025-11-11-05" does not exist
W, [2025-11-11T05:29:39.446907 #2657]  WARN -- : log file "/var/log/nginx/healthd/application.log.2025-11-11-05" does not exist
W, [2025-11-11T05:29:44.447180 #2657]  WARN -- : log file "/var/log/nginx/healthd/application.log.2025-11-11-05" does not exist
W, [2025-11-11T05:29:49.447480 #2657]  WARN -- : log file "/var/log/nginx/healthd/application.log.2025-11-11-05" does not exist
W, [2025-11-11T05:29:54.447739 #2657]  WARN -- : log file "/var/log/nginx/healthd/application.log.2025-11-11-05" does not exist
W, [2025-11-11T05:29:59.447990 #2657]  WARN -- : log file "/var/log/nginx/healthd/application.log.2025-11-11-05" does not exist
W, [2025-11-11T05:30:04.448351 #2657]  WARN -- : log file "/var/log/nginx/healthd/application.log.2025-11-11-05" does not exist
W, [2025-11-11T05:30:09.448609 #2657]  WARN -- : log file "/var/log/nginx/healthd/application.log.2025-11-11-05" does not exist
W, [2025-11-11T05:30:14.448863 #2657]  WARN -- : log file "/var/log/nginx/healthd/application.log.2025-11-11-05" does not exist
W, [2025-11-11T05:30:19.449136 #2657]  WARN -- : log file "/var/log/nginx/healthd/application.log.2025-11-11-05" does not exist
W, [2025-11-11T05:30:24.449401 #2657]  WARN -- : log file "/var/log/nginx/healthd/application.log.2025-11-11-05" does not exist
W, [2025-11-11T05:30:29.449667 #2657]  WARN -- : log file "/var/log/nginx/healthd/application.log.2025-11-11-05" does not exist
W, [2025-11-11T05:30:34.449947 #2657]  WARN -- : log file "/var/log/nginx/healthd/application.log.2025-11-11-05" does not exist
W, [2025-11-11T05:30:39.450234 #2657]  WARN -- : log file "/var/log/nginx/healthd/application.log.2025-11-11-05" does not exist
W, [2025-11-11T05:30:44.450501 #2657]  WARN -- : log file "/var/log/nginx/healthd/application.log.2025-11-11-05" does not exist
W, [2025-11-11T05:30:49.450793 #2657]  WARN -- : log file "/var/log/nginx/healthd/application.log.2025-11-11-05" does not exist
W, [2025-11-11T05:30:54.451058 #2657]  WARN -- : log file "/var/log/nginx/healthd/application.log.2025-11-11-05" does not exist
W, [2025-11-11T05:30:59.451316 #2657]  WARN -- : log file "/var/log/nginx/healthd/application.log.2025-11-11-05" does not exist
W, [2025-11-11T05:31:04.451568 #2657]  WARN -- : log file "/var/log/nginx/healthd/application.log.2025-11-11-05" does not exist
W, [2025-11-11T05:31:09.451826 #2657]  WARN -- : log file "/var/log/nginx/healthd/application.log.2025-11-11-05" does not exist
W, [2025-11-11T05:31:14.452076 #2657]  WARN -- : log file "/var/log/nginx/healthd/application.log.2025-11-11-05" does not exist
W, [2025-11-11T05:31:19.452408 #2657]  WARN -- : log file "/var/log/nginx/healthd/application.log.2025-11-11-05" does not exist
W, [2025-11-11T05:31:24.452652 #2657]  WARN -- : log file "/var/log/nginx/healthd/application.log.2025-11-11-05" does not exist
W, [2025-11-11T05:31:29.452908 #2657]  WARN -- : log file "/var/log/nginx/healthd/application.log.2025-11-11-05" does not exist
W, [2025-11-11T05:31:34.453181 #2657]  WARN -- : log file "/var/log/nginx/healthd/application.log.2025-11-11-05" does not exist
W, [2025-11-11T05:31:39.453432 #2657]  WARN -- : log file "/var/log/nginx/healthd/application.log.2025-11-11-05" does not exist
W, [2025-11-11T05:31:44.453682 #2657]  WARN -- : log file "/var/log/nginx/healthd/application.log.2025-11-11-05" does not exist
W, [2025-11-11T05:31:49.453953 #2657]  WARN -- : log file "/var/log/nginx/healthd/application.log.2025-11-11-05" does not exist
W, [2025-11-11T05:31:54.454206 #2657]  WARN -- : log file "/var/log/nginx/healthd/application.log.2025-11-11-05" does not exist
W, [2025-11-11T05:31:59.454449 #2657]  WARN -- : log file "/var/log/nginx/healthd/application.log.2025-11-11-05" does not exist
W, [2025-11-11T05:32:04.454700 #2657]  WARN -- : log file "/var/log/nginx/healthd/application.log.2025-11-11-05" does not exist
W, [2025-11-11T05:32:09.455052 #2657]  WARN -- : log file "/var/log/nginx/healthd/application.log.2025-11-11-05" does not exist
W, [2025-11-11T05:32:14.455390 #2657]  WARN -- : log file "/var/log/nginx/healthd/application.log.2025-11-11-05" does not exist
W, [2025-11-11T05:32:19.455658 #2657]  WARN -- : log file "/var/log/nginx/healthd/application.log.2025-11-11-05" does not exist
W, [2025-11-11T05:32:24.455931 #2657]  WARN -- : log file "/var/log/nginx/healthd/application.log.2025-11-11-05" does not exist
W, [2025-11-11T05:32:29.456181 #2657]  WARN -- : log file "/var/log/nginx/healthd/application.log.2025-11-11-05" does not exist
W, [2025-11-11T05:32:34.456603 #2657]  WARN -- : log file "/var/log/nginx/healthd/application.log.2025-11-11-05" does not exist
W, [2025-11-11T05:32:39.456858 #2657]  WARN -- : log file "/var/log/nginx/healthd/application.log.2025-11-11-05" does not exist
W, [2025-11-11T05:32:44.457122 #2657]  WARN -- : log file "/var/log/nginx/healthd/application.log.2025-11-11-05" does not exist
W, [2025-11-11T05:32:49.457382 #2657]  WARN -- : log file "/var/log/nginx/healthd/application.log.2025-11-11-05" does not exist
W, [2025-11-11T05:32:54.457643 #2657]  WARN -- : log file "/var/log/nginx/healthd/application.log.2025-11-11-05" does not exist
W, [2025-11-11T05:32:59.457901 #2657]  WARN -- : log file "/var/log/nginx/healthd/application.log.2025-11-11-05" does not exist
W, [2025-11-11T05:33:04.458173 #2657]  WARN -- : log file "/var/log/nginx/healthd/application.log.2025-11-11-05" does not exist
W, [2025-11-11T05:33:09.458437 #2657]  WARN -- : log file "/var/log/nginx/healthd/application.log.2025-11-11-05" does not exist
W, [2025-11-11T05:33:14.458709 #2657]  WARN -- : log file "/var/log/nginx/healthd/application.log.2025-11-11-05" does not exist
W, [2025-11-11T05:33:19.458974 #2657]  WARN -- : log file "/var/log/nginx/healthd/application.log.2025-11-11-05" does not exist
W, [2025-11-11T05:33:24.459244 #2657]  WARN -- : log file "/var/log/nginx/healthd/application.log.2025-11-11-05" does not exist
W, [2025-11-11T05:33:29.459499 #2657]  WARN -- : log file "/var/log/nginx/healthd/application.log.2025-11-11-05" does not exist
W, [2025-11-11T05:33:34.459749 #2657]  WARN -- : log file "/var/log/nginx/healthd/application.log.2025-11-11-05" does not exist
W, [2025-11-11T05:33:39.459997 #2657]  WARN -- : log file "/var/log/nginx/healthd/application.log.2025-11-11-05" does not exist
W, [2025-11-11T05:33:44.460435 #2657]  WARN -- : log file "/var/log/nginx/healthd/application.log.2025-11-11-05" does not exist
W, [2025-11-11T05:33:49.460701 #2657]  WARN -- : log file "/var/log/nginx/healthd/application.log.2025-11-11-05" does not exist
W, [2025-11-11T05:33:54.460970 #2657]  WARN -- : log file "/var/log/nginx/healthd/application.log.2025-11-11-05" does not exist
W, [2025-11-11T05:33:59.461232 #2657]  WARN -- : log file "/var/log/nginx/healthd/application.log.2025-11-11-05" does not exist
W, [2025-11-11T05:34:04.461497 #2657]  WARN -- : log file "/var/log/nginx/healthd/application.log.2025-11-11-05" does not exist
W, [2025-11-11T05:34:09.461731 #2657]  WARN -- : log file "/var/log/nginx/healthd/application.log.2025-11-11-05" does not exist
W, [2025-11-11T05:34:14.461994 #2657]  WARN -- : log file "/var/log/nginx/healthd/application.log.2025-11-11-05" does not exist
W, [2025-11-11T05:34:19.462253 #2657]  WARN -- : log file "/var/log/nginx/healthd/application.log.2025-11-11-05" does not exist
W, [2025-11-11T05:34:24.462521 #2657]  WARN -- : log file "/var/log/nginx/healthd/application.log.2025-11-11-05" does not exist
W, [2025-11-11T05:34:29.462795 #2657]  WARN -- : log file "/var/log/nginx/healthd/application.log.2025-11-11-05" does not exist
W, [2025-11-11T05:34:34.463060 #2657]  WARN -- : log file "/var/log/nginx/healthd/application.log.2025-11-11-05" does not exist
W, [2025-11-11T05:34:39.463322 #2657]  WARN -- : log file "/var/log/nginx/healthd/application.log.2025-11-11-05" does not exist
W, [2025-11-11T05:34:44.463568 #2657]  WARN -- : log file "/var/log/nginx/healthd/application.log.2025-11-11-05" does not exist
W, [2025-11-11T05:34:49.463822 #2657]  WARN -- : log file "/var/log/nginx/healthd/application.log.2025-11-11-05" does not exist
W, [2025-11-11T05:34:54.464072 #2657]  WARN -- : log file "/var/log/nginx/healthd/application.log.2025-11-11-05" does not exist
W, [2025-11-11T05:34:59.464438 #2657]  WARN -- : log file "/var/log/nginx/healthd/application.log.2025-11-11-05" does not exist
W, [2025-11-11T05:35:04.464702 #2657]  WARN -- : log file "/var/log/nginx/healthd/application.log.2025-11-11-05" does not exist
W, [2025-11-11T05:35:09.464949 #2657]  WARN -- : log file "/var/log/nginx/healthd/application.log.2025-11-11-05" does not exist
W, [2025-11-11T05:35:14.465222 #2657]  WARN -- : log file "/var/log/nginx/healthd/application.log.2025-11-11-05" does not exist
W, [2025-11-11T05:35:19.465479 #2657]  WARN -- : log file "/var/log/nginx/healthd/application.log.2025-11-11-05" does not exist
W, [2025-11-11T05:35:24.465727 #2657]  WARN -- : log file "/var/log/nginx/healthd/application.log.2025-11-11-05" does not exist
W, [2025-11-11T05:35:29.465970 #2657]  WARN -- : log file "/var/log/nginx/healthd/application.log.2025-11-11-05" does not exist
W, [2025-11-11T05:35:34.466225 #2657]  WARN -- : log file "/var/log/nginx/healthd/application.log.2025-11-11-05" does not exist
W, [2025-11-11T05:35:39.466487 #2657]  WARN -- : log file "/var/log/nginx/healthd/application.log.2025-11-11-05" does not exist
W, [2025-11-11T05:35:44.466737 #2657]  WARN -- : log file "/var/log/nginx/healthd/application.log.2025-11-11-05" does not exist
W, [2025-11-11T05:35:49.466995 #2657]  WARN -- : log file "/var/log/nginx/healthd/application.log.2025-11-11-05" does not exist
W, [2025-11-11T05:35:54.467253 #2657]  WARN -- : log file "/var/log/nginx/healthd/application.log.2025-11-11-05" does not exist
W, [2025-11-11T05:35:59.467516 #2657]  WARN -- : log file "/var/log/nginx/healthd/application.log.2025-11-11-05" does not exist
W, [2025-11-11T05:36:04.467786 #2657]  WARN -- : log file "/var/log/nginx/healthd/application.log.2025-11-11-05" does not exist
W, [2025-11-11T05:36:09.468031 #2657]  WARN -- : log file "/var/log/nginx/healthd/application.log.2025-11-11-05" does not exist
W, [2025-11-11T05:36:14.468376 #2657]  WARN -- : log file "/var/log/nginx/healthd/application.log.2025-11-11-05" does not exist
W, [2025-11-11T05:36:19.468723 #2657]  WARN -- : log file "/var/log/nginx/healthd/application.log.2025-11-11-05" does not exist
W, [2025-11-11T05:36:24.468993 #2657]  WARN -- : log file "/var/log/nginx/healthd/application.log.2025-11-11-05" does not exist
W, [2025-11-11T05:36:29.469239 #2657]  WARN -- : log file "/var/log/nginx/healthd/application.log.2025-11-11-05" does not exist
W, [2025-11-11T05:36:34.469494 #2657]  WARN -- : log file "/var/log/nginx/healthd/application.log.2025-11-11-05" does not exist
W, [2025-11-11T05:36:39.469815 #2657]  WARN -- : log file "/var/log/nginx/healthd/application.log.2025-11-11-05" does not exist
W, [2025-11-11T05:36:44.470083 #2657]  WARN -- : log file "/var/log/nginx/healthd/application.log.2025-11-11-05" does not exist
W, [2025-11-11T05:36:49.470349 #2657]  WARN -- : log file "/var/log/nginx/healthd/application.log.2025-11-11-05" does not exist
W, [2025-11-11T05:36:54.470574 #2657]  WARN -- : log file "/var/log/nginx/healthd/application.log.2025-11-11-05" does not exist
W, [2025-11-11T05:36:59.470840 #2657]  WARN -- : log file "/var/log/nginx/healthd/application.log.2025-11-11-05" does not exist
W, [2025-11-11T05:37:04.471101 #2657]  WARN -- : log file "/var/log/nginx/healthd/application.log.2025-11-11-05" does not exist
W, [2025-11-11T05:37:09.471367 #2657]  WARN -- : log file "/var/log/nginx/healthd/application.log.2025-11-11-05" does not exist
W, [2025-11-11T05:37:14.471613 #2657]  WARN -- : log file "/var/log/nginx/healthd/application.log.2025-11-11-05" does not exist
W, [2025-11-11T05:37:19.471875 #2657]  WARN -- : log file "/var/log/nginx/healthd/application.log.2025-11-11-05" does not exist
W, [2025-11-11T05:37:24.472121 #2657]  WARN -- : log file "/var/log/nginx/healthd/application.log.2025-11-11-05" does not exist
W, [2025-11-11T05:37:29.472699 #2657]  WARN -- : log file "/var/log/nginx/healthd/application.log.2025-11-11-05" does not exist
W, [2025-11-11T05:37:34.472930 #2657]  WARN -- : log file "/var/log/nginx/healthd/application.log.2025-11-11-05" does not exist
W, [2025-11-11T05:37:39.473154 #2657]  WARN -- : log file "/var/log/nginx/healthd/application.log.2025-11-11-05" does not exist
W, [2025-11-11T05:37:44.474076 #2657]  WARN -- : log file "/var/log/nginx/healthd/application.log.2025-11-11-05" does not exist
W, [2025-11-11T05:37:49.475000 #2657]  WARN -- : log file "/var/log/nginx/healthd/application.log.2025-11-11-05" does not exist
W, [2025-11-11T05:37:54.476379 #2657]  WARN -- : log file "/var/log/nginx/healthd/application.log.2025-11-11-05" does not exist
W, [2025-11-11T05:37:59.478936 #2657]  WARN -- : log file "/var/log/nginx/healthd/application.log.2025-11-11-05" does not exist
W, [2025-11-11T05:38:04.479907 #2657]  WARN -- : log file "/var/log/nginx/healthd/application.log.2025-11-11-05" does not exist
F, [2025-11-11T05:38:07.253419 #2657] FATAL -- : /opt/elasticbeanstalk/lib/ruby/lib/ruby/gems/3.4.0/gems/puma-6.6.0/lib/puma/launcher.rb:447:in 'block in Puma::Launcher#setup_signals': SIGTERM (SignalException)
	from /opt/elasticbeanstalk/lib/ruby/lib/ruby/gems/3.4.0/gems/puma-6.6.0/lib/puma/single.rb:63:in 'Thread#join'
	from /opt/elasticbeanstalk/lib/ruby/lib/ruby/gems/3.4.0/gems/puma-6.6.0/lib/puma/single.rb:63:in 'Puma::Single#run'
	from /opt/elasticbeanstalk/lib/ruby/lib/ruby/gems/3.4.0/gems/puma-6.6.0/lib/puma/launcher.rb:203:in 'Puma::Launcher#run'
	from /opt/elasticbeanstalk/lib/ruby/lib/ruby/gems/3.4.0/gems/puma-6.6.0/lib/puma/cli.rb:75:in 'Puma::CLI#run'
	from /opt/elasticbeanstalk/lib/ruby/lib/ruby/gems/3.4.0/gems/healthd-1.0.7/bin/healthd:112:in 'block in <top (required)>'
	from /opt/elasticbeanstalk/lib/ruby/lib/ruby/gems/3.4.0/gems/healthd-1.0.7/bin/healthd:19:in 'Dir.chdir'
	from /opt/elasticbeanstalk/lib/ruby/lib/ruby/gems/3.4.0/gems/healthd-1.0.7/bin/healthd:19:in '<top (required)>'
	from /opt/elasticbeanstalk/lib/ruby/bin/healthd:25:in 'Kernel#load'
	from /opt/elasticbeanstalk/lib/ruby/bin/healthd:25:in '<main>'
A, [2025-11-11T05:38:09.844001 #8017]   ANY -- : healthd daemon 1.0.7 initialized
W, [2025-11-11T05:38:09.943759 #8017]  WARN -- : log file "/var/log/nginx/healthd/application.log.2025-11-11-05" does not exist
W, [2025-11-11T05:38:14.957090 #8017]  WARN -- : log file "/var/log/nginx/healthd/application.log.2025-11-11-05" does not exist
W, [2025-11-11T05:38:19.963380 #8017]  WARN -- : log file "/var/log/nginx/healthd/application.log.2025-11-11-05" does not exist
W, [2025-11-11T05:38:24.965647 #8017]  WARN -- : log file "/var/log/nginx/healthd/application.log.2025-11-11-05" does not exist
W, [2025-11-11T05:38:29.965919 #8017]  WARN -- : log file "/var/log/nginx/healthd/application.log.2025-11-11-05" does not exist
W, [2025-11-11T05:38:34.966201 #8017]  WARN -- : log file "/var/log/nginx/healthd/application.log.2025-11-11-05" does not exist
W, [2025-11-11T05:38:39.966448 #8017]  WARN -- : log file "/var/log/nginx/healthd/application.log.2025-11-11-05" does not exist
W, [2025-11-11T05:38:44.966760 #8017]  WARN -- : log file "/var/log/nginx/healthd/application.log.2025-11-11-05" does not exist
W, [2025-11-11T05:38:49.967010 #8017]  WARN -- : log file "/var/log/nginx/healthd/application.log.2025-11-11-05" does not exist
W, [2025-11-11T05:38:54.967326 #8017]  WARN -- : log file "/var/log/nginx/healthd/application.log.2025-11-11-05" does not exist
W, [2025-11-11T05:38:59.967577 #8017]  WARN -- : log file "/var/log/nginx/healthd/application.log.2025-11-11-05" does not exist
W, [2025-11-11T05:39:04.967926 #8017]  WARN -- : log file "/var/log/nginx/healthd/application.log.2025-11-11-05" does not exist
W, [2025-11-11T05:39:09.968271 #8017]  WARN -- : log file "/var/log/nginx/healthd/application.log.2025-11-11-05" does not exist
W, [2025-11-11T05:39:14.968519 #8017]  WARN -- : log file "/var/log/nginx/healthd/application.log.2025-11-11-05" does not exist
W, [2025-11-11T05:39:19.968779 #8017]  WARN -- : log file "/var/log/nginx/healthd/application.log.2025-11-11-05" does not exist
W, [2025-11-11T05:39:24.969029 #8017]  WARN -- : log file "/var/log/nginx/healthd/application.log.2025-11-11-05" does not exist
W, [2025-11-11T05:39:29.969289 #8017]  WARN -- : log file "/var/log/nginx/healthd/application.log.2025-11-11-05" does not exist
W, [2025-11-11T05:39:34.969542 #8017]  WARN -- : log file "/var/log/nginx/healthd/application.log.2025-11-11-05" does not exist
W, [2025-11-11T05:39:39.969806 #8017]  WARN -- : log file "/var/log/nginx/healthd/application.log.2025-11-11-05" does not exist
W, [2025-11-11T05:39:44.970079 #8017]  WARN -- : log file "/var/log/nginx/healthd/application.log.2025-11-11-05" does not exist
W, [2025-11-11T05:39:49.970331 #8017]  WARN -- : log file "/var/log/nginx/healthd/application.log.2025-11-11-05" does not exist
W, [2025-11-11T05:39:54.970564 #8017]  WARN -- : log file "/var/log/nginx/healthd/application.log.2025-11-11-05" does not exist
W, [2025-11-11T05:39:59.970818 #8017]  WARN -- : log file "/var/log/nginx/healthd/application.log.2025-11-11-05" does not exist
W, [2025-11-11T05:40:04.971206 #8017]  WARN -- : log file "/var/log/nginx/healthd/application.log.2025-11-11-05" does not exist
W, [2025-11-11T05:40:09.971454 #8017]  WARN -- : log file "/var/log/nginx/healthd/application.log.2025-11-11-05" does not exist
W, [2025-11-11T05:40:14.971730 #8017]  WARN -- : log file "/var/log/nginx/healthd/application.log.2025-11-11-05" does not exist
W, [2025-11-11T05:40:19.972008 #8017]  WARN -- : log file "/var/log/nginx/healthd/application.log.2025-11-11-05" does not exist
W, [2025-11-11T05:40:24.972365 #8017]  WARN -- : log file "/var/log/nginx/healthd/application.log.2025-11-11-05" does not exist
W, [2025-11-11T05:40:29.972621 #8017]  WARN -- : log file "/var/log/nginx/healthd/application.log.2025-11-11-05" does not exist
W, [2025-11-11T05:40:34.972884 #8017]  WARN -- : log file "/var/log/nginx/healthd/application.log.2025-11-11-05" does not exist
W, [2025-11-11T05:40:39.973154 #8017]  WARN -- : log file "/var/log/nginx/healthd/application.log.2025-11-11-05" does not exist
W, [2025-11-11T05:40:44.973426 #8017]  WARN -- : log file "/var/log/nginx/healthd/application.log.2025-11-11-05" does not exist
W, [2025-11-11T05:40:49.973694 #8017]  WARN -- : log file "/var/log/nginx/healthd/application.log.2025-11-11-05" does not exist
W, [2025-11-11T05:40:54.973962 #8017]  WARN -- : log file "/var/log/nginx/healthd/application.log.2025-11-11-05" does not exist
W, [2025-11-11T05:40:59.974227 #8017]  WARN -- : log file "/var/log/nginx/healthd/application.log.2025-11-11-05" does not exist
W, [2025-11-11T05:41:04.974449 #8017]  WARN -- : log file "/var/log/nginx/healthd/application.log.2025-11-11-05" does not exist
W, [2025-11-11T05:41:09.974722 #8017]  WARN -- : log file "/var/log/nginx/healthd/application.log.2025-11-11-05" does not exist
W, [2025-11-11T05:41:14.974965 #8017]  WARN -- : log file "/var/log/nginx/healthd/application.log.2025-11-11-05" does not exist
W, [2025-11-11T05:41:19.975228 #8017]  WARN -- : log file "/var/log/nginx/healthd/application.log.2025-11-11-05" does not exist
W, [2025-11-11T05:41:24.975559 #8017]  WARN -- : log file "/var/log/nginx/healthd/application.log.2025-11-11-05" does not exist
W, [2025-11-11T05:41:29.975826 #8017]  WARN -- : log file "/var/log/nginx/healthd/application.log.2025-11-11-05" does not exist
W, [2025-11-11T05:41:34.976087 #8017]  WARN -- : log file "/var/log/nginx/healthd/application.log.2025-11-11-05" does not exist
W, [2025-11-11T05:41:39.976448 #8017]  WARN -- : log file "/var/log/nginx/healthd/application.log.2025-11-11-05" does not exist
W, [2025-11-11T05:41:44.976721 #8017]  WARN -- : log file "/var/log/nginx/healthd/application.log.2025-11-11-05" does not exist
W, [2025-11-11T05:41:49.976969 #8017]  WARN -- : log file "/var/log/nginx/healthd/application.log.2025-11-11-05" does not exist
W, [2025-11-11T05:41:54.977289 #8017]  WARN -- : log file "/var/log/nginx/healthd/application.log.2025-11-11-05" does not exist
W, [2025-11-11T05:41:59.977539 #8017]  WARN -- : log file "/var/log/nginx/healthd/application.log.2025-11-11-05" does not exist
W, [2025-11-11T05:42:04.977877 #8017]  WARN -- : log file "/var/log/nginx/healthd/application.log.2025-11-11-05" does not exist
W, [2025-11-11T05:42:09.978130 #8017]  WARN -- : log file "/var/log/nginx/healthd/application.log.2025-11-11-05" does not exist
W, [2025-11-11T05:42:14.978384 #8017]  WARN -- : log file "/var/log/nginx/healthd/application.log.2025-11-11-05" does not exist
W, [2025-11-11T05:42:19.978633 #8017]  WARN -- : log file "/var/log/nginx/healthd/application.log.2025-11-11-05" does not exist
W, [2025-11-11T05:42:24.978892 #8017]  WARN -- : log file "/var/log/nginx/healthd/application.log.2025-11-11-05" does not exist
W, [2025-11-11T05:42:29.979151 #8017]  WARN -- : log file "/var/log/nginx/healthd/application.log.2025-11-11-05" does not exist
W, [2025-11-11T05:42:34.979402 #8017]  WARN -- : log file "/var/log/nginx/healthd/application.log.2025-11-11-05" does not exist
W, [2025-11-11T05:42:39.979662 #8017]  WARN -- : log file "/var/log/nginx/healthd/application.log.2025-11-11-05" does not exist
W, [2025-11-11T05:42:44.979908 #8017]  WARN -- : log file "/var/log/nginx/healthd/application.log.2025-11-11-05" does not exist
W, [2025-11-11T05:42:49.980189 #8017]  WARN -- : log file "/var/log/nginx/healthd/application.log.2025-11-11-05" does not exist
W, [2025-11-11T05:42:54.980589 #8017]  WARN -- : log file "/var/log/nginx/healthd/application.log.2025-11-11-05" does not exist
W, [2025-11-11T05:42:59.980814 #8017]  WARN -- : log file "/var/log/nginx/healthd/application.log.2025-11-11-05" does not exist
W, [2025-11-11T05:43:04.981055 #8017]  WARN -- : log file "/var/log/nginx/healthd/application.log.2025-11-11-05" does not exist
W, [2025-11-11T05:43:09.981320 #8017]  WARN -- : log file "/var/log/nginx/healthd/application.log.2025-11-11-05" does not exist
W, [2025-11-11T05:43:14.981585 #8017]  WARN -- : log file "/var/log/nginx/healthd/application.log.2025-11-11-05" does not exist
W, [2025-11-11T05:43:19.981933 #8017]  WARN -- : log file "/var/log/nginx/healthd/application.log.2025-11-11-05" does not exist
W, [2025-11-11T05:43:24.982200 #8017]  WARN -- : log file "/var/log/nginx/healthd/application.log.2025-11-11-05" does not exist
W, [2025-11-11T05:43:29.982429 #8017]  WARN -- : log file "/var/log/nginx/healthd/application.log.2025-11-11-05" does not exist
W, [2025-11-11T05:43:34.982682 #8017]  WARN -- : log file "/var/log/nginx/healthd/application.log.2025-11-11-05" does not exist
W, [2025-11-11T05:43:39.982954 #8017]  WARN -- : log file "/var/log/nginx/healthd/application.log.2025-11-11-05" does not exist
W, [2025-11-11T05:43:44.983198 #8017]  WARN -- : log file "/var/log/nginx/healthd/application.log.2025-11-11-05" does not exist
W, [2025-11-11T05:43:49.983450 #8017]  WARN -- : log file "/var/log/nginx/healthd/application.log.2025-11-11-05" does not exist
W, [2025-11-11T05:43:54.983710 #8017]  WARN -- : log file "/var/log/nginx/healthd/application.log.2025-11-11-05" does not exist
W, [2025-11-11T05:43:59.983966 #8017]  WARN -- : log file "/var/log/nginx/healthd/application.log.2025-11-11-05" does not exist
W, [2025-11-11T05:44:04.984393 #8017]  WARN -- : log file "/var/log/nginx/healthd/application.log.2025-11-11-05" does not exist
W, [2025-11-11T05:44:09.984668 #8017]  WARN -- : log file "/var/log/nginx/healthd/application.log.2025-11-11-05" does not exist
W, [2025-11-11T05:44:14.984932 #8017]  WARN -- : log file "/var/log/nginx/healthd/application.log.2025-11-11-05" does not exist
W, [2025-11-11T05:44:19.985179 #8017]  WARN -- : log file "/var/log/nginx/healthd/application.log.2025-11-11-05" does not exist
W, [2025-11-11T05:44:24.985442 #8017]  WARN -- : log file "/var/log/nginx/healthd/application.log.2025-11-11-05" does not exist
W, [2025-11-11T05:44:29.985690 #8017]  WARN -- : log file "/var/log/nginx/healthd/application.log.2025-11-11-05" does not exist
W, [2025-11-11T05:44:34.985931 #8017]  WARN -- : log file "/var/log/nginx/healthd/application.log.2025-11-11-05" does not exist
W, [2025-11-11T05:44:39.986175 #8017]  WARN -- : log file "/var/log/nginx/healthd/application.log.2025-11-11-05" does not exist
W, [2025-11-11T05:44:44.986424 #8017]  WARN -- : log file "/var/log/nginx/healthd/application.log.2025-11-11-05" does not exist
W, [2025-11-11T05:44:49.986670 #8017]  WARN -- : log file "/var/log/nginx/healthd/application.log.2025-11-11-05" does not exist
W, [2025-11-11T05:44:54.986931 #8017]  WARN -- : log file "/var/log/nginx/healthd/application.log.2025-11-11-05" does not exist
W, [2025-11-11T05:44:59.987180 #8017]  WARN -- : log file "/var/log/nginx/healthd/application.log.2025-11-11-05" does not exist
W, [2025-11-11T05:45:04.987464 #8017]  WARN -- : log file "/var/log/nginx/healthd/application.log.2025-11-11-05" does not exist
W, [2025-11-11T05:45:09.987708 #8017]  WARN -- : log file "/var/log/nginx/healthd/application.log.2025-11-11-05" does not exist
W, [2025-11-11T05:45:14.987963 #8017]  WARN -- : log file "/var/log/nginx/healthd/application.log.2025-11-11-05" does not exist
W, [2025-11-11T05:45:19.988345 #8017]  WARN -- : log file "/var/log/nginx/healthd/application.log.2025-11-11-05" does not exist
W, [2025-11-11T05:45:24.988607 #8017]  WARN -- : log file "/var/log/nginx/healthd/application.log.2025-11-11-05" does not exist
W, [2025-11-11T05:45:29.988854 #8017]  WARN -- : log file "/var/log/nginx/healthd/application.log.2025-11-11-05" does not exist
W, [2025-11-11T05:45:34.989107 #8017]  WARN -- : log file "/var/log/nginx/healthd/application.log.2025-11-11-05" does not exist
W, [2025-11-11T05:45:39.989351 #8017]  WARN -- : log file "/var/log/nginx/healthd/application.log.2025-11-11-05" does not exist
W, [2025-11-11T05:45:44.989607 #8017]  WARN -- : log file "/var/log/nginx/healthd/application.log.2025-11-11-05" does not exist
W, [2025-11-11T05:45:49.989867 #8017]  WARN -- : log file "/var/log/nginx/healthd/application.log.2025-11-11-05" does not exist
W, [2025-11-11T05:45:54.990121 #8017]  WARN -- : log file "/var/log/nginx/healthd/application.log.2025-11-11-05" does not exist
W, [2025-11-11T05:45:59.990372 #8017]  WARN -- : log file "/var/log/nginx/healthd/application.log.2025-11-11-05" does not exist
W, [2025-11-11T05:46:04.990619 #8017]  WARN -- : log file "/var/log/nginx/healthd/application.log.2025-11-11-05" does not exist
W, [2025-11-11T05:46:09.990967 #8017]  WARN -- : log file "/var/log/nginx/healthd/application.log.2025-11-11-05" does not exist
W, [2025-11-11T05:46:14.991220 #8017]  WARN -- : log file "/var/log/nginx/healthd/application.log.2025-11-11-05" does not exist
W, [2025-11-11T05:46:19.991474 #8017]  WARN -- : log file "/var/log/nginx/healthd/application.log.2025-11-11-05" does not exist
W, [2025-11-11T05:46:24.991771 #8017]  WARN -- : log file "/var/log/nginx/healthd/application.log.2025-11-11-05" does not exist
W, [2025-11-11T05:46:29.992018 #8017]  WARN -- : log file "/var/log/nginx/healthd/application.log.2025-11-11-05" does not exist
W, [2025-11-11T05:46:34.992384 #8017]  WARN -- : log file "/var/log/nginx/healthd/application.log.2025-11-11-05" does not exist
W, [2025-11-11T05:46:39.992657 #8017]  WARN -- : log file "/var/log/nginx/healthd/application.log.2025-11-11-05" does not exist
W, [2025-11-11T05:46:44.992931 #8017]  WARN -- : log file "/var/log/nginx/healthd/application.log.2025-11-11-05" does not exist
W, [2025-11-11T05:46:49.993312 #8017]  WARN -- : log file "/var/log/nginx/healthd/application.log.2025-11-11-05" does not exist
W, [2025-11-11T05:46:54.993576 #8017]  WARN -- : log file "/var/log/nginx/healthd/application.log.2025-11-11-05" does not exist
W, [2025-11-11T05:46:59.993833 #8017]  WARN -- : log file "/var/log/nginx/healthd/application.log.2025-11-11-05" does not exist
W, [2025-11-11T05:47:04.994107 #8017]  WARN -- : log file "/var/log/nginx/healthd/application.log.2025-11-11-05" does not exist
F, [2025-11-11T05:47:08.757864 #8017] FATAL -- : /opt/elasticbeanstalk/lib/ruby/lib/ruby/gems/3.4.0/gems/puma-6.6.0/lib/puma/launcher.rb:447:in 'block in Puma::Launcher#setup_signals': SIGTERM (SignalException)
	from /opt/elasticbeanstalk/lib/ruby/lib/ruby/gems/3.4.0/gems/puma-6.6.0/lib/puma/single.rb:63:in 'Thread#join'
	from /opt/elasticbeanstalk/lib/ruby/lib/ruby/gems/3.4.0/gems/puma-6.6.0/lib/puma/single.rb:63:in 'Puma::Single#run'
	from /opt/elasticbeanstalk/lib/ruby/lib/ruby/gems/3.4.0/gems/puma-6.6.0/lib/puma/launcher.rb:203:in 'Puma::Launcher#run'
	from /opt/elasticbeanstalk/lib/ruby/lib/ruby/gems/3.4.0/gems/puma-6.6.0/lib/puma/cli.rb:75:in 'Puma::CLI#run'
	from /opt/elasticbeanstalk/lib/ruby/lib/ruby/gems/3.4.0/gems/healthd-1.0.7/bin/healthd:112:in 'block in <top (required)>'
	from /opt/elasticbeanstalk/lib/ruby/lib/ruby/gems/3.4.0/gems/healthd-1.0.7/bin/healthd:19:in 'Dir.chdir'
	from /opt/elasticbeanstalk/lib/ruby/lib/ruby/gems/3.4.0/gems/healthd-1.0.7/bin/healthd:19:in '<top (required)>'
	from /opt/elasticbeanstalk/lib/ruby/bin/healthd:25:in 'Kernel#load'
	from /opt/elasticbeanstalk/lib/ruby/bin/healthd:25:in '<main>'
A, [2025-11-11T05:47:11.551903 #12205]   ANY -- : healthd daemon 1.0.7 initialized
W, [2025-11-11T05:47:11.629938 #12205]  WARN -- : log file "/var/log/nginx/healthd/application.log.2025-11-11-05" does not exist
W, [2025-11-11T05:47:16.635126 #12205]  WARN -- : log file "/var/log/nginx/healthd/application.log.2025-11-11-05" does not exist
W, [2025-11-11T05:47:21.639684 #12205]  WARN -- : log file "/var/log/nginx/healthd/application.log.2025-11-11-05" does not exist
W, [2025-11-11T05:47:26.641115 #12205]  WARN -- : log file "/var/log/nginx/healthd/application.log.2025-11-11-05" does not exist
W, [2025-11-11T05:47:31.641382 #12205]  WARN -- : log file "/var/log/nginx/healthd/application.log.2025-11-11-05" does not exist
W, [2025-11-11T05:47:36.641654 #12205]  WARN -- : log file "/var/log/nginx/healthd/application.log.2025-11-11-05" does not exist
W, [2025-11-11T05:47:41.641905 #12205]  WARN -- : log file "/var/log/nginx/healthd/application.log.2025-11-11-05" does not exist
W, [2025-11-11T05:47:46.642120 #12205]  WARN -- : log file "/var/log/nginx/healthd/application.log.2025-11-11-05" does not exist
W, [2025-11-11T05:47:51.642383 #12205]  WARN -- : log file "/var/log/nginx/healthd/application.log.2025-11-11-05" does not exist
W, [2025-11-11T05:47:56.642642 #12205]  WARN -- : log file "/var/log/nginx/healthd/application.log.2025-11-11-05" does not exist
W, [2025-11-11T05:48:01.642905 #12205]  WARN -- : log file "/var/log/nginx/healthd/application.log.2025-11-11-05" does not exist
W, [2025-11-11T05:48:06.643171 #12205]  WARN -- : log file "/var/log/nginx/healthd/application.log.2025-11-11-05" does not exist
W, [2025-11-11T05:48:11.643430 #12205]  WARN -- : log file "/var/log/nginx/healthd/application.log.2025-11-11-05" does not exist
W, [2025-11-11T05:48:16.643719 #12205]  WARN -- : log file "/var/log/nginx/healthd/application.log.2025-11-11-05" does not exist
W, [2025-11-11T05:48:21.643976 #12205]  WARN -- : log file "/var/log/nginx/healthd/application.log.2025-11-11-05" does not exist
W, [2025-11-11T05:48:26.644362 #12205]  WARN -- : log file "/var/log/nginx/healthd/application.log.2025-11-11-05" does not exist
W, [2025-11-11T05:48:31.644602 #12205]  WARN -- : log file "/var/log/nginx/healthd/application.log.2025-11-11-05" does not exist
W, [2025-11-11T05:48:36.644853 #12205]  WARN -- : log file "/var/log/nginx/healthd/application.log.2025-11-11-05" does not exist
W, [2025-11-11T05:48:41.645082 #12205]  WARN -- : log file "/var/log/nginx/healthd/application.log.2025-11-11-05" does not exist
W, [2025-11-11T05:48:46.645329 #12205]  WARN -- : log file "/var/log/nginx/healthd/application.log.2025-11-11-05" does not exist
W, [2025-11-11T05:48:51.645583 #12205]  WARN -- : log file "/var/log/nginx/healthd/application.log.2025-11-11-05" does not exist
W, [2025-11-11T05:48:56.645838 #12205]  WARN -- : log file "/var/log/nginx/healthd/application.log.2025-11-11-05" does not exist
W, [2025-11-11T05:49:01.646107 #12205]  WARN -- : log file "/var/log/nginx/healthd/application.log.2025-11-11-05" does not exist
W, [2025-11-11T05:49:06.646341 #12205]  WARN -- : log file "/var/log/nginx/healthd/application.log.2025-11-11-05" does not exist
W, [2025-11-11T05:49:11.646625 #12205]  WARN -- : log file "/var/log/nginx/healthd/application.log.2025-11-11-05" does not exist
W, [2025-11-11T05:49:16.647019 #12205]  WARN -- : log file "/var/log/nginx/healthd/application.log.2025-11-11-05" does not exist
W, [2025-11-11T05:49:21.647288 #12205]  WARN -- : log file "/var/log/nginx/healthd/application.log.2025-11-11-05" does not exist
W, [2025-11-11T05:49:26.647537 #12205]  WARN -- : log file "/var/log/nginx/healthd/application.log.2025-11-11-05" does not exist
W, [2025-11-11T05:49:31.647802 #12205]  WARN -- : log file "/var/log/nginx/healthd/application.log.2025-11-11-05" does not exist
W, [2025-11-11T05:49:36.648061 #12205]  WARN -- : log file "/var/log/nginx/healthd/application.log.2025-11-11-05" does not exist
W, [2025-11-11T05:49:41.648398 #12205]  WARN -- : log file "/var/log/nginx/healthd/application.log.2025-11-11-05" does not exist
W, [2025-11-11T05:49:46.648662 #12205]  WARN -- : log file "/var/log/nginx/healthd/application.log.2025-11-11-05" does not exist
W, [2025-11-11T05:49:51.649084 #12205]  WARN -- : log file "/var/log/nginx/healthd/application.log.2025-11-11-05" does not exist
W, [2025-11-11T05:49:56.649339 #12205]  WARN -- : log file "/var/log/nginx/healthd/application.log.2025-11-11-05" does not exist
W, [2025-11-11T05:50:01.650666 #12205]  WARN -- : log file "/var/log/nginx/healthd/application.log.2025-11-11-05" does not exist
W, [2025-11-11T05:50:06.650998 #12205]  WARN -- : log file "/var/log/nginx/healthd/application.log.2025-11-11-05" does not exist
W, [2025-11-11T05:50:11.651266 #12205]  WARN -- : log file "/var/log/nginx/healthd/application.log.2025-11-11-05" does not exist
W, [2025-11-11T05:50:16.651522 #12205]  WARN -- : log file "/var/log/nginx/healthd/application.log.2025-11-11-05" does not exist
W, [2025-11-11T05:50:21.651761 #12205]  WARN -- : log file "/var/log/nginx/healthd/application.log.2025-11-11-05" does not exist
W, [2025-11-11T05:50:26.652045 #12205]  WARN -- : log file "/var/log/nginx/healthd/application.log.2025-11-11-05" does not exist
W, [2025-11-11T05:50:31.652406 #12205]  WARN -- : log file "/var/log/nginx/healthd/application.log.2025-11-11-05" does not exist
W, [2025-11-11T05:50:36.652664 #12205]  WARN -- : log file "/var/log/nginx/healthd/application.log.2025-11-11-05" does not exist
W, [2025-11-11T05:50:41.652936 #12205]  WARN -- : log file "/var/log/nginx/healthd/application.log.2025-11-11-05" does not exist
W, [2025-11-11T05:50:46.653195 #12205]  WARN -- : log file "/var/log/nginx/healthd/application.log.2025-11-11-05" does not exist
W, [2025-11-11T05:50:51.653483 #12205]  WARN -- : log file "/var/log/nginx/healthd/application.log.2025-11-11-05" does not exist
W, [2025-11-11T05:50:56.653744 #12205]  WARN -- : log file "/var/log/nginx/healthd/application.log.2025-11-11-05" does not exist
W, [2025-11-11T05:51:01.654016 #12205]  WARN -- : log file "/var/log/nginx/healthd/application.log.2025-11-11-05" does not exist
W, [2025-11-11T05:51:06.654294 #12205]  WARN -- : log file "/var/log/nginx/healthd/application.log.2025-11-11-05" does not exist
W, [2025-11-11T05:51:11.654568 #12205]  WARN -- : log file "/var/log/nginx/healthd/application.log.2025-11-11-05" does not exist
W, [2025-11-11T05:51:16.654835 #12205]  WARN -- : log file "/var/log/nginx/healthd/application.log.2025-11-11-05" does not exist
W, [2025-11-11T05:51:21.655110 #12205]  WARN -- : log file "/var/log/nginx/healthd/application.log.2025-11-11-05" does not exist
W, [2025-11-11T05:51:26.655392 #12205]  WARN -- : log file "/var/log/nginx/healthd/application.log.2025-11-11-05" does not exist
W, [2025-11-11T05:51:31.655665 #12205]  WARN -- : log file "/var/log/nginx/healthd/application.log.2025-11-11-05" does not exist
W, [2025-11-11T05:51:36.655933 #12205]  WARN -- : log file "/var/log/nginx/healthd/application.log.2025-11-11-05" does not exist
W, [2025-11-11T05:51:41.656301 #12205]  WARN -- : log file "/var/log/nginx/healthd/application.log.2025-11-11-05" does not exist
W, [2025-11-11T05:51:46.656566 #12205]  WARN -- : log file "/var/log/nginx/healthd/application.log.2025-11-11-05" does not exist
W, [2025-11-11T05:51:51.656828 #12205]  WARN -- : log file "/var/log/nginx/healthd/application.log.2025-11-11-05" does not exist
W, [2025-11-11T05:51:56.657085 #12205]  WARN -- : log file "/var/log/nginx/healthd/application.log.2025-11-11-05" does not exist
W, [2025-11-11T05:52:01.657338 #12205]  WARN -- : log file "/var/log/nginx/healthd/application.log.2025-11-11-05" does not exist
W, [2025-11-11T05:52:06.657579 #12205]  WARN -- : log file "/var/log/nginx/healthd/application.log.2025-11-11-05" does not exist
W, [2025-11-11T05:52:11.657837 #12205]  WARN -- : log file "/var/log/nginx/healthd/application.log.2025-11-11-05" does not exist
W, [2025-11-11T05:52:16.658112 #12205]  WARN -- : log file "/var/log/nginx/healthd/application.log.2025-11-11-05" does not exist
W, [2025-11-11T05:52:21.658382 #12205]  WARN -- : log file "/var/log/nginx/healthd/application.log.2025-11-11-05" does not exist
W, [2025-11-11T05:52:26.658635 #12205]  WARN -- : log file "/var/log/nginx/healthd/application.log.2025-11-11-05" does not exist
W, [2025-11-11T05:52:31.658906 #12205]  WARN -- : log file "/var/log/nginx/healthd/application.log.2025-11-11-05" does not exist
W, [2025-11-11T05:52:36.659174 #12205]  WARN -- : log file "/var/log/nginx/healthd/application.log.2025-11-11-05" does not exist
W, [2025-11-11T05:52:41.659454 #12205]  WARN -- : log file "/var/log/nginx/healthd/application.log.2025-11-11-05" does not exist
W, [2025-11-11T05:52:46.659724 #12205]  WARN -- : log file "/var/log/nginx/healthd/application.log.2025-11-11-05" does not exist
W, [2025-11-11T05:52:51.659980 #12205]  WARN -- : log file "/var/log/nginx/healthd/application.log.2025-11-11-05" does not exist
W, [2025-11-11T05:52:56.660388 #12205]  WARN -- : log file "/var/log/nginx/healthd/application.log.2025-11-11-05" does not exist
W, [2025-11-11T05:53:01.660665 #12205]  WARN -- : log file "/var/log/nginx/healthd/application.log.2025-11-11-05" does not exist
W, [2025-11-11T05:53:06.660898 #12205]  WARN -- : log file "/var/log/nginx/healthd/application.log.2025-11-11-05" does not exist
W, [2025-11-11T05:53:11.661142 #12205]  WARN -- : log file "/var/log/nginx/healthd/application.log.2025-11-11-05" does not exist
W, [2025-11-11T05:53:16.661397 #12205]  WARN -- : log file "/var/log/nginx/healthd/application.log.2025-11-11-05" does not exist
W, [2025-11-11T05:53:21.661646 #12205]  WARN -- : log file "/var/log/nginx/healthd/application.log.2025-11-11-05" does not exist
W, [2025-11-11T05:53:26.661915 #12205]  WARN -- : log file "/var/log/nginx/healthd/application.log.2025-11-11-05" does not exist
W, [2025-11-11T05:53:31.662176 #12205]  WARN -- : log file "/var/log/nginx/healthd/application.log.2025-11-11-05" does not exist
W, [2025-11-11T05:53:36.662419 #12205]  WARN -- : log file "/var/log/nginx/healthd/application.log.2025-11-11-05" does not exist
W, [2025-11-11T05:53:41.662671 #12205]  WARN -- : log file "/var/log/nginx/healthd/application.log.2025-11-11-05" does not exist
W, [2025-11-11T05:53:46.662943 #12205]  WARN -- : log file "/var/log/nginx/healthd/application.log.2025-11-11-05" does not exist
W, [2025-11-11T05:53:51.663232 #12205]  WARN -- : log file "/var/log/nginx/healthd/application.log.2025-11-11-05" does not exist
W, [2025-11-11T05:53:56.663489 #12205]  WARN -- : log file "/var/log/nginx/healthd/application.log.2025-11-11-05" does not exist
W, [2025-11-11T05:54:01.663778 #12205]  WARN -- : log file "/var/log/nginx/healthd/application.log.2025-11-11-05" does not exist
W, [2025-11-11T05:54:06.663993 #12205]  WARN -- : log file "/var/log/nginx/healthd/application.log.2025-11-11-05" does not exist
W, [2025-11-11T05:54:11.664351 #12205]  WARN -- : log file "/var/log/nginx/healthd/application.log.2025-11-11-05" does not exist
W, [2025-11-11T05:54:16.664621 #12205]  WARN -- : log file "/var/log/nginx/healthd/application.log.2025-11-11-05" does not exist
W, [2025-11-11T05:54:21.664890 #12205]  WARN -- : log file "/var/log/nginx/healthd/application.log.2025-11-11-05" does not exist
W, [2025-11-11T05:54:26.665168 #12205]  WARN -- : log file "/var/log/nginx/healthd/application.log.2025-11-11-05" does not exist
W, [2025-11-11T05:54:31.665425 #12205]  WARN -- : log file "/var/log/nginx/healthd/application.log.2025-11-11-05" does not exist
W, [2025-11-11T05:54:36.665687 #12205]  WARN -- : log file "/var/log/nginx/healthd/application.log.2025-11-11-05" does not exist
W, [2025-11-11T05:54:41.665945 #12205]  WARN -- : log file "/var/log/nginx/healthd/application.log.2025-11-11-05" does not exist
W, [2025-11-11T05:54:46.666212 #12205]  WARN -- : log file "/var/log/nginx/healthd/application.log.2025-11-11-05" does not exist
W, [2025-11-11T05:54:51.666463 #12205]  WARN -- : log file "/var/log/nginx/healthd/application.log.2025-11-11-05" does not exist
W, [2025-11-11T05:54:56.666724 #12205]  WARN -- : log file "/var/log/nginx/healthd/application.log.2025-11-11-05" does not exist
W, [2025-11-11T05:55:01.667010 #12205]  WARN -- : log file "/var/log/nginx/healthd/application.log.2025-11-11-05" does not exist
W, [2025-11-11T05:55:06.667269 #12205]  WARN -- : log file "/var/log/nginx/healthd/application.log.2025-11-11-05" does not exist
W, [2025-11-11T05:55:11.667515 #12205]  WARN -- : log file "/var/log/nginx/healthd/application.log.2025-11-11-05" does not exist
W, [2025-11-11T05:55:16.667753 #12205]  WARN -- : log file "/var/log/nginx/healthd/application.log.2025-11-11-05" does not exist
W, [2025-11-11T05:55:21.668009 #12205]  WARN -- : log file "/var/log/nginx/healthd/application.log.2025-11-11-05" does not exist
W, [2025-11-11T05:55:26.668398 #12205]  WARN -- : log file "/var/log/nginx/healthd/application.log.2025-11-11-05" does not exist
W, [2025-11-11T05:55:31.668661 #12205]  WARN -- : log file "/var/log/nginx/healthd/application.log.2025-11-11-05" does not exist
W, [2025-11-11T05:55:36.668931 #12205]  WARN -- : log file "/var/log/nginx/healthd/application.log.2025-11-11-05" does not exist
W, [2025-11-11T05:55:41.669190 #12205]  WARN -- : log file "/var/log/nginx/healthd/application.log.2025-11-11-05" does not exist
W, [2025-11-11T05:55:46.669456 #12205]  WARN -- : log file "/var/log/nginx/healthd/application.log.2025-11-11-05" does not exist
W, [2025-11-11T05:55:51.669726 #12205]  WARN -- : log file "/var/log/nginx/healthd/application.log.2025-11-11-05" does not exist
W, [2025-11-11T05:55:56.669984 #12205]  WARN -- : log file "/var/log/nginx/healthd/application.log.2025-11-11-05" does not exist
W, [2025-11-11T05:56:01.670359 #12205]  WARN -- : log file "/var/log/nginx/healthd/application.log.2025-11-11-05" does not exist
W, [2025-11-11T05:56:06.670623 #12205]  WARN -- : log file "/var/log/nginx/healthd/application.log.2025-11-11-05" does not exist
W, [2025-11-11T05:56:11.670885 #12205]  WARN -- : log file "/var/log/nginx/healthd/application.log.2025-11-11-05" does not exist
W, [2025-11-11T05:56:16.671130 #12205]  WARN -- : log file "/var/log/nginx/healthd/application.log.2025-11-11-05" does not exist
W, [2025-11-11T05:56:21.671382 #12205]  WARN -- : log file "/var/log/nginx/healthd/application.log.2025-11-11-05" does not exist
W, [2025-11-11T05:56:26.671628 #12205]  WARN -- : log file "/var/log/nginx/healthd/application.log.2025-11-11-05" does not exist
W, [2025-11-11T05:56:31.671873 #12205]  WARN -- : log file "/var/log/nginx/healthd/application.log.2025-11-11-05" does not exist
W, [2025-11-11T05:56:36.672121 #12205]  WARN -- : log file "/var/log/nginx/healthd/application.log.2025-11-11-05" does not exist
W, [2025-11-11T05:56:41.672441 #12205]  WARN -- : log file "/var/log/nginx/healthd/application.log.2025-11-11-05" does not exist
W, [2025-11-11T05:56:46.672698 #12205]  WARN -- : log file "/var/log/nginx/healthd/application.log.2025-11-11-05" does not exist
W, [2025-11-11T05:56:51.672957 #12205]  WARN -- : log file "/var/log/nginx/healthd/application.log.2025-11-11-05" does not exist
W, [2025-11-11T05:56:56.673235 #12205]  WARN -- : log file "/var/log/nginx/healthd/application.log.2025-11-11-05" does not exist
W, [2025-11-11T05:57:01.673565 #12205]  WARN -- : log file "/var/log/nginx/healthd/application.log.2025-11-11-05" does not exist
W, [2025-11-11T05:57:06.673840 #12205]  WARN -- : log file "/var/log/nginx/healthd/application.log.2025-11-11-05" does not exist
W, [2025-11-11T05:57:11.674090 #12205]  WARN -- : log file "/var/log/nginx/healthd/application.log.2025-11-11-05" does not exist
W, [2025-11-11T05:57:16.674326 #12205]  WARN -- : log file "/var/log/nginx/healthd/application.log.2025-11-11-05" does not exist
W, [2025-11-11T05:57:21.674552 #12205]  WARN -- : log file "/var/log/nginx/healthd/application.log.2025-11-11-05" does not exist
W, [2025-11-11T05:57:26.674782 #12205]  WARN -- : log file "/var/log/nginx/healthd/application.log.2025-11-11-05" does not exist
W, [2025-11-11T05:57:31.675011 #12205]  WARN -- : log file "/var/log/nginx/healthd/application.log.2025-11-11-05" does not exist
W, [2025-11-11T05:57:36.675250 #12205]  WARN -- : log file "/var/log/nginx/healthd/application.log.2025-11-11-05" does not exist
W, [2025-11-11T05:57:41.675503 #12205]  WARN -- : log file "/var/log/nginx/healthd/application.log.2025-11-11-05" does not exist
W, [2025-11-11T05:57:46.675772 #12205]  WARN -- : log file "/var/log/nginx/healthd/application.log.2025-11-11-05" does not exist
W, [2025-11-11T05:57:51.676015 #12205]  WARN -- : log file "/var/log/nginx/healthd/application.log.2025-11-11-05" does not exist
W, [2025-11-11T05:57:56.676361 #12205]  WARN -- : log file "/var/log/nginx/healthd/application.log.2025-11-11-05" does not exist
W, [2025-11-11T05:58:01.676628 #12205]  WARN -- : log file "/var/log/nginx/healthd/application.log.2025-11-11-05" does not exist
W, [2025-11-11T05:58:06.676893 #12205]  WARN -- : log file "/var/log/nginx/healthd/application.log.2025-11-11-05" does not exist
W, [2025-11-11T05:58:11.677157 #12205]  WARN -- : log file "/var/log/nginx/healthd/application.log.2025-11-11-05" does not exist
W, [2025-11-11T05:58:16.677432 #12205]  WARN -- : log file "/var/log/nginx/healthd/application.log.2025-11-11-05" does not exist
W, [2025-11-11T05:58:21.677679 #12205]  WARN -- : log file "/var/log/nginx/healthd/application.log.2025-11-11-05" does not exist
W, [2025-11-11T05:58:26.677937 #12205]  WARN -- : log file "/var/log/nginx/healthd/application.log.2025-11-11-05" does not exist
W, [2025-11-11T05:58:31.678184 #12205]  WARN -- : log file "/var/log/nginx/healthd/application.log.2025-11-11-05" does not exist
W, [2025-11-11T05:58:36.678451 #12205]  WARN -- : log file "/var/log/nginx/healthd/application.log.2025-11-11-05" does not exist
W, [2025-11-11T05:58:41.678709 #12205]  WARN -- : log file "/var/log/nginx/healthd/application.log.2025-11-11-05" does not exist
W, [2025-11-11T05:58:46.678960 #12205]  WARN -- : log file "/var/log/nginx/healthd/application.log.2025-11-11-05" does not exist
W, [2025-11-11T05:58:51.679206 #12205]  WARN -- : log file "/var/log/nginx/healthd/application.log.2025-11-11-05" does not exist
W, [2025-11-11T05:58:56.679482 #12205]  WARN -- : log file "/var/log/nginx/healthd/application.log.2025-11-11-05" does not exist
W, [2025-11-11T05:59:01.679758 #12205]  WARN -- : log file "/var/log/nginx/healthd/application.log.2025-11-11-05" does not exist
W, [2025-11-11T05:59:06.680020 #12205]  WARN -- : log file "/var/log/nginx/healthd/application.log.2025-11-11-05" does not exist
W, [2025-11-11T05:59:11.680428 #12205]  WARN -- : log file "/var/log/nginx/healthd/application.log.2025-11-11-05" does not exist
W, [2025-11-11T05:59:16.680755 #12205]  WARN -- : log file "/var/log/nginx/healthd/application.log.2025-11-11-05" does not exist
W, [2025-11-11T05:59:21.681019 #12205]  WARN -- : log file "/var/log/nginx/healthd/application.log.2025-11-11-05" does not exist
W, [2025-11-11T05:59:26.681284 #12205]  WARN -- : log file "/var/log/nginx/healthd/application.log.2025-11-11-05" does not exist
W, [2025-11-11T05:59:31.681563 #12205]  WARN -- : log file "/var/log/nginx/healthd/application.log.2025-11-11-05" does not exist
W, [2025-11-11T05:59:36.681815 #12205]  WARN -- : log file "/var/log/nginx/healthd/application.log.2025-11-11-05" does not exist
W, [2025-11-11T05:59:41.682075 #12205]  WARN -- : log file "/var/log/nginx/healthd/application.log.2025-11-11-05" does not exist
W, [2025-11-11T05:59:46.682316 #12205]  WARN -- : log file "/var/log/nginx/healthd/application.log.2025-11-11-05" does not exist
W, [2025-11-11T05:59:51.682868 #12205]  WARN -- : log file "/var/log/nginx/healthd/application.log.2025-11-11-05" does not exist
W, [2025-11-11T05:59:56.683148 #12205]  WARN -- : log file "/var/log/nginx/healthd/application.log.2025-11-11-05" does not exist
W, [2025-11-11T06:00:01.683430 #12205]  WARN -- : log file "/var/log/nginx/healthd/application.log.2025-11-11-06" does not exist
W, [2025-11-11T06:00:06.683709 #12205]  WARN -- : log file "/var/log/nginx/healthd/application.log.2025-11-11-06" does not exist
W, [2025-11-11T06:00:11.683951 #12205]  WARN -- : log file "/var/log/nginx/healthd/application.log.2025-11-11-06" does not exist
W, [2025-11-11T06:00:16.684338 #12205]  WARN -- : log file "/var/log/nginx/healthd/application.log.2025-11-11-06" does not exist
W, [2025-11-11T06:00:21.684611 #12205]  WARN -- : log file "/var/log/nginx/healthd/application.log.2025-11-11-06" does not exist
W, [2025-11-11T06:00:26.684862 #12205]  WARN -- : log file "/var/log/nginx/healthd/application.log.2025-11-11-06" does not exist
W, [2025-11-11T06:00:31.685113 #12205]  WARN -- : log file "/var/log/nginx/healthd/application.log.2025-11-11-06" does not exist
W, [2025-11-11T06:00:36.685351 #12205]  WARN -- : log file "/var/log/nginx/healthd/application.log.2025-11-11-06" does not exist
W, [2025-11-11T06:00:41.685611 #12205]  WARN -- : log file "/var/log/nginx/healthd/application.log.2025-11-11-06" does not exist
W, [2025-11-11T06:00:46.685865 #12205]  WARN -- : log file "/var/log/nginx/healthd/application.log.2025-11-11-06" does not exist
W, [2025-11-11T06:00:51.686089 #12205]  WARN -- : log file "/var/log/nginx/healthd/application.log.2025-11-11-06" does not exist
W, [2025-11-11T06:00:56.686335 #12205]  WARN -- : log file "/var/log/nginx/healthd/application.log.2025-11-11-06" does not exist
W, [2025-11-11T06:01:01.686598 #12205]  WARN -- : log file "/var/log/nginx/healthd/application.log.2025-11-11-06" does not exist
W, [2025-11-11T06:01:06.686856 #12205]  WARN -- : log file "/var/log/nginx/healthd/application.log.2025-11-11-06" does not exist
W, [2025-11-11T06:01:11.687110 #12205]  WARN -- : log file "/var/log/nginx/healthd/application.log.2025-11-11-06" does not exist
W, [2025-11-11T06:01:16.687357 #12205]  WARN -- : log file "/var/log/nginx/healthd/application.log.2025-11-11-06" does not exist
W, [2025-11-11T06:01:21.687588 #12205]  WARN -- : log file "/var/log/nginx/healthd/application.log.2025-11-11-06" does not exist
W, [2025-11-11T06:01:26.687839 #12205]  WARN -- : log file "/var/log/nginx/healthd/application.log.2025-11-11-06" does not exist
W, [2025-11-11T06:01:31.688067 #12205]  WARN -- : log file "/var/log/nginx/healthd/application.log.2025-11-11-06" does not exist
W, [2025-11-11T06:01:36.688499 #12205]  WARN -- : log file "/var/log/nginx/healthd/application.log.2025-11-11-06" does not exist
W, [2025-11-11T06:01:41.688789 #12205]  WARN -- : log file "/var/log/nginx/healthd/application.log.2025-11-11-06" does not exist
W, [2025-11-11T06:01:46.689009 #12205]  WARN -- : log file "/var/log/nginx/healthd/application.log.2025-11-11-06" does not exist
W, [2025-11-11T06:01:51.689270 #12205]  WARN -- : log file "/var/log/nginx/healthd/application.log.2025-11-11-06" does not exist
W, [2025-11-11T06:01:56.689525 #12205]  WARN -- : log file "/var/log/nginx/healthd/application.log.2025-11-11-06" does not exist
W, [2025-11-11T06:02:01.689792 #12205]  WARN -- : log file "/var/log/nginx/healthd/application.log.2025-11-11-06" does not exist
W, [2025-11-11T06:02:06.690132 #12205]  WARN -- : log file "/var/log/nginx/healthd/application.log.2025-11-11-06" does not exist
W, [2025-11-11T06:02:11.690402 #12205]  WARN -- : log file "/var/log/nginx/healthd/application.log.2025-11-11-06" does not exist
W, [2025-11-11T06:02:16.690676 #12205]  WARN -- : log file "/var/log/nginx/healthd/application.log.2025-11-11-06" does not exist
W, [2025-11-11T06:02:21.690935 #12205]  WARN -- : log file "/var/log/nginx/healthd/application.log.2025-11-11-06" does not exist
W, [2025-11-11T06:02:26.691204 #12205]  WARN -- : log file "/var/log/nginx/healthd/application.log.2025-11-11-06" does not exist
W, [2025-11-11T06:02:31.691464 #12205]  WARN -- : log file "/var/log/nginx/healthd/application.log.2025-11-11-06" does not exist
W, [2025-11-11T06:02:36.692484 #12205]  WARN -- : log file "/var/log/nginx/healthd/application.log.2025-11-11-06" does not exist
W, [2025-11-11T06:02:41.692767 #12205]  WARN -- : log file "/var/log/nginx/healthd/application.log.2025-11-11-06" does not exist
W, [2025-11-11T06:02:46.693023 #12205]  WARN -- : log file "/var/log/nginx/healthd/application.log.2025-11-11-06" does not exist
W, [2025-11-11T06:02:51.693286 #12205]  WARN -- : log file "/var/log/nginx/healthd/application.log.2025-11-11-06" does not exist
W, [2025-11-11T06:02:56.693539 #12205]  WARN -- : log file "/var/log/nginx/healthd/application.log.2025-11-11-06" does not exist
W, [2025-11-11T06:03:01.693804 #12205]  WARN -- : log file "/var/log/nginx/healthd/application.log.2025-11-11-06" does not exist
W, [2025-11-11T06:03:06.694057 #12205]  WARN -- : log file "/var/log/nginx/healthd/application.log.2025-11-11-06" does not exist
W, [2025-11-11T06:03:11.694271 #12205]  WARN -- : log file "/var/log/nginx/healthd/application.log.2025-11-11-06" does not exist
W, [2025-11-11T06:03:16.694525 #12205]  WARN -- : log file "/var/log/nginx/healthd/application.log.2025-11-11-06" does not exist
W, [2025-11-11T06:03:21.694783 #12205]  WARN -- : log file "/var/log/nginx/healthd/application.log.2025-11-11-06" does not exist
W, [2025-11-11T06:03:26.695051 #12205]  WARN -- : log file "/var/log/nginx/healthd/application.log.2025-11-11-06" does not exist
W, [2025-11-11T06:03:31.695313 #12205]  WARN -- : log file "/var/log/nginx/healthd/application.log.2025-11-11-06" does not exist
W, [2025-11-11T06:03:36.695585 #12205]  WARN -- : log file "/var/log/nginx/healthd/application.log.2025-11-11-06" does not exist
W, [2025-11-11T06:03:41.695838 #12205]  WARN -- : log file "/var/log/nginx/healthd/application.log.2025-11-11-06" does not exist
W, [2025-11-11T06:03:46.696095 #12205]  WARN -- : log file "/var/log/nginx/healthd/application.log.2025-11-11-06" does not exist
W, [2025-11-11T06:03:51.696486 #12205]  WARN -- : log file "/var/log/nginx/healthd/application.log.2025-11-11-06" does not exist
W, [2025-11-11T06:03:56.696761 #12205]  WARN -- : log file "/var/log/nginx/healthd/application.log.2025-11-11-06" does not exist
W, [2025-11-11T06:04:01.697036 #12205]  WARN -- : log file "/var/log/nginx/healthd/application.log.2025-11-11-06" does not exist
W, [2025-11-11T06:04:06.697306 #12205]  WARN -- : log file "/var/log/nginx/healthd/application.log.2025-11-11-06" does not exist
W, [2025-11-11T06:04:11.697561 #12205]  WARN -- : log file "/var/log/nginx/healthd/application.log.2025-11-11-06" does not exist
W, [2025-11-11T06:04:16.697822 #12205]  WARN -- : log file "/var/log/nginx/healthd/application.log.2025-11-11-06" does not exist
W, [2025-11-11T06:04:21.698069 #12205]  WARN -- : log file "/var/log/nginx/healthd/application.log.2025-11-11-06" does not exist
W, [2025-11-11T06:04:26.698335 #12205]  WARN -- : log file "/var/log/nginx/healthd/application.log.2025-11-11-06" does not exist
W, [2025-11-11T06:04:31.698596 #12205]  WARN -- : log file "/var/log/nginx/healthd/application.log.2025-11-11-06" does not exist
W, [2025-11-11T06:04:36.698864 #12205]  WARN -- : log file "/var/log/nginx/healthd/application.log.2025-11-11-06" does not exist
W, [2025-11-11T06:04:41.699111 #12205]  WARN -- : log file "/var/log/nginx/healthd/application.log.2025-11-11-06" does not exist
W, [2025-11-11T06:04:46.699374 #12205]  WARN -- : log file "/var/log/nginx/healthd/application.log.2025-11-11-06" does not exist
W, [2025-11-11T06:04:51.699641 #12205]  WARN -- : log file "/var/log/nginx/healthd/application.log.2025-11-11-06" does not exist
W, [2025-11-11T06:04:56.699891 #12205]  WARN -- : log file "/var/log/nginx/healthd/application.log.2025-11-11-06" does not exist
W, [2025-11-11T06:05:01.700170 #12205]  WARN -- : log file "/var/log/nginx/healthd/application.log.2025-11-11-06" does not exist
W, [2025-11-11T06:05:06.702904 #12205]  WARN -- : log file "/var/log/nginx/healthd/application.log.2025-11-11-06" does not exist
W, [2025-11-11T06:05:11.703223 #12205]  WARN -- : log file "/var/log/nginx/healthd/application.log.2025-11-11-06" does not exist
W, [2025-11-11T06:05:16.703494 #12205]  WARN -- : log file "/var/log/nginx/healthd/application.log.2025-11-11-06" does not exist
W, [2025-11-11T06:05:21.703744 #12205]  WARN -- : log file "/var/log/nginx/healthd/application.log.2025-11-11-06" does not exist
W, [2025-11-11T06:05:26.704009 #12205]  WARN -- : log file "/var/log/nginx/healthd/application.log.2025-11-11-06" does not exist
W, [2025-11-11T06:05:31.704394 #12205]  WARN -- : log file "/var/log/nginx/healthd/application.log.2025-11-11-06" does not exist
W, [2025-11-11T06:05:36.704633 #12205]  WARN -- : log file "/var/log/nginx/healthd/application.log.2025-11-11-06" does not exist
W, [2025-11-11T06:05:41.704901 #12205]  WARN -- : log file "/var/log/nginx/healthd/application.log.2025-11-11-06" does not exist
W, [2025-11-11T06:05:46.705169 #12205]  WARN -- : log file "/var/log/nginx/healthd/application.log.2025-11-11-06" does not exist
W, [2025-11-11T06:05:51.705422 #12205]  WARN -- : log file "/var/log/nginx/healthd/application.log.2025-11-11-06" does not exist
W, [2025-11-11T06:05:56.705689 #12205]  WARN -- : log file "/var/log/nginx/healthd/application.log.2025-11-11-06" does not exist
W, [2025-11-11T06:06:01.705984 #12205]  WARN -- : log file "/var/log/nginx/healthd/application.log.2025-11-11-06" does not exist
W, [2025-11-11T06:06:06.706239 #12205]  WARN -- : log file "/var/log/nginx/healthd/application.log.2025-11-11-06" does not exist
W, [2025-11-11T06:06:11.706488 #12205]  WARN -- : log file "/var/log/nginx/healthd/application.log.2025-11-11-06" does not exist
W, [2025-11-11T06:06:16.706753 #12205]  WARN -- : log file "/var/log/nginx/healthd/application.log.2025-11-11-06" does not exist
W, [2025-11-11T06:06:21.707008 #12205]  WARN -- : log file "/var/log/nginx/healthd/application.log.2025-11-11-06" does not exist
W, [2025-11-11T06:06:26.707273 #12205]  WARN -- : log file "/var/log/nginx/healthd/application.log.2025-11-11-06" does not exist
W, [2025-11-11T06:06:31.707514 #12205]  WARN -- : log file "/var/log/nginx/healthd/application.log.2025-11-11-06" does not exist
W, [2025-11-11T06:06:36.707792 #12205]  WARN -- : log file "/var/log/nginx/healthd/application.log.2025-11-11-06" does not exist
W, [2025-11-11T06:06:41.708069 #12205]  WARN -- : log file "/var/log/nginx/healthd/application.log.2025-11-11-06" does not exist
W, [2025-11-11T06:06:46.708507 #12205]  WARN -- : log file "/var/log/nginx/healthd/application.log.2025-11-11-06" does not exist
W, [2025-11-11T06:06:51.708773 #12205]  WARN -- : log file "/var/log/nginx/healthd/application.log.2025-11-11-06" does not exist
W, [2025-11-11T06:06:56.709038 #12205]  WARN -- : log file "/var/log/nginx/healthd/application.log.2025-11-11-06" does not exist
W, [2025-11-11T06:07:01.709674 #12205]  WARN -- : log file "/var/log/nginx/healthd/application.log.2025-11-11-06" does not exist
W, [2025-11-11T06:07:06.709924 #12205]  WARN -- : log file "/var/log/nginx/healthd/application.log.2025-11-11-06" does not exist
W, [2025-11-11T06:07:11.710196 #12205]  WARN -- : log file "/var/log/nginx/healthd/application.log.2025-11-11-06" does not exist
W, [2025-11-11T06:07:16.710508 #12205]  WARN -- : log file "/var/log/nginx/healthd/application.log.2025-11-11-06" does not exist
W, [2025-11-11T06:07:21.710753 #12205]  WARN -- : log file "/var/log/nginx/healthd/application.log.2025-11-11-06" does not exist
W, [2025-11-11T06:07:26.711013 #12205]  WARN -- : log file "/var/log/nginx/healthd/application.log.2025-11-11-06" does not exist
W, [2025-11-11T06:07:31.711274 #12205]  WARN -- : log file "/var/log/nginx/healthd/application.log.2025-11-11-06" does not exist
W, [2025-11-11T06:07:36.711528 #12205]  WARN -- : log file "/var/log/nginx/healthd/application.log.2025-11-11-06" does not exist
W, [2025-11-11T06:07:41.711834 #12205]  WARN -- : log file "/var/log/nginx/healthd/application.log.2025-11-11-06" does not exist
W, [2025-11-11T06:07:46.712069 #12205]  WARN -- : log file "/var/log/nginx/healthd/application.log.2025-11-11-06" does not exist
W, [2025-11-11T06:07:51.712399 #12205]  WARN -- : log file "/var/log/nginx/healthd/application.log.2025-11-11-06" does not exist
W, [2025-11-11T06:07:56.712637 #12205]  WARN -- : log file "/var/log/nginx/healthd/application.log.2025-11-11-06" does not exist
W, [2025-11-11T06:08:01.712895 #12205]  WARN -- : log file "/var/log/nginx/healthd/application.log.2025-11-11-06" does not exist
W, [2025-11-11T06:08:06.713156 #12205]  WARN -- : log file "/var/log/nginx/healthd/application.log.2025-11-11-06" does not exist
W, [2025-11-11T06:08:11.713419 #12205]  WARN -- : log file "/var/log/nginx/healthd/application.log.2025-11-11-06" does not exist
W, [2025-11-11T06:08:16.713666 #12205]  WARN -- : log file "/var/log/nginx/healthd/application.log.2025-11-11-06" does not exist
W, [2025-11-11T06:08:21.713938 #12205]  WARN -- : log file "/var/log/nginx/healthd/application.log.2025-11-11-06" does not exist
W, [2025-11-11T06:08:26.714260 #12205]  WARN -- : log file "/var/log/nginx/healthd/application.log.2025-11-11-06" does not exist
W, [2025-11-11T06:08:31.714514 #12205]  WARN -- : log file "/var/log/nginx/healthd/application.log.2025-11-11-06" does not exist
W, [2025-11-11T06:08:36.714764 #12205]  WARN -- : log file "/var/log/nginx/healthd/application.log.2025-11-11-06" does not exist
W, [2025-11-11T06:08:41.715025 #12205]  WARN -- : log file "/var/log/nginx/healthd/application.log.2025-11-11-06" does not exist
W, [2025-11-11T06:08:46.715282 #12205]  WARN -- : log file "/var/log/nginx/healthd/application.log.2025-11-11-06" does not exist
W, [2025-11-11T06:08:51.715533 #12205]  WARN -- : log file "/var/log/nginx/healthd/application.log.2025-11-11-06" does not exist
W, [2025-11-11T06:08:56.715792 #12205]  WARN -- : log file "/var/log/nginx/healthd/application.log.2025-11-11-06" does not exist
W, [2025-11-11T06:09:01.716075 #12205]  WARN -- : log file "/var/log/nginx/healthd/application.log.2025-11-11-06" does not exist
W, [2025-11-11T06:09:06.716423 #12205]  WARN -- : log file "/var/log/nginx/healthd/application.log.2025-11-11-06" does not exist
W, [2025-11-11T06:09:11.716690 #12205]  WARN -- : log file "/var/log/nginx/healthd/application.log.2025-11-11-06" does not exist
W, [2025-11-11T06:09:16.716940 #12205]  WARN -- : log file "/var/log/nginx/healthd/application.log.2025-11-11-06" does not exist
W, [2025-11-11T06:09:21.717190 #12205]  WARN -- : log file "/var/log/nginx/healthd/application.log.2025-11-11-06" does not exist
W, [2025-11-11T06:09:26.717440 #12205]  WARN -- : log file "/var/log/nginx/healthd/application.log.2025-11-11-06" does not exist
W, [2025-11-11T06:09:31.717702 #12205]  WARN -- : log file "/var/log/nginx/healthd/application.log.2025-11-11-06" does not exist
W, [2025-11-11T06:09:36.717953 #12205]  WARN -- : log file "/var/log/nginx/healthd/application.log.2025-11-11-06" does not exist
W, [2025-11-11T06:09:41.718216 #12205]  WARN -- : log file "/var/log/nginx/healthd/application.log.2025-11-11-06" does not exist
W, [2025-11-11T06:09:46.718458 #12205]  WARN -- : log file "/var/log/nginx/healthd/application.log.2025-11-11-06" does not exist
W, [2025-11-11T06:09:51.718727 #12205]  WARN -- : log file "/var/log/nginx/healthd/application.log.2025-11-11-06" does not exist
W, [2025-11-11T06:09:56.718977 #12205]  WARN -- : log file "/var/log/nginx/healthd/application.log.2025-11-11-06" does not exist
W, [2025-11-11T06:10:01.719256 #12205]  WARN -- : log file "/var/log/nginx/healthd/application.log.2025-11-11-06" does not exist
W, [2025-11-11T06:10:06.719533 #12205]  WARN -- : log file "/var/log/nginx/healthd/application.log.2025-11-11-06" does not exist
W, [2025-11-11T06:10:11.719807 #12205]  WARN -- : log file "/var/log/nginx/healthd/application.log.2025-11-11-06" does not exist
W, [2025-11-11T06:10:16.720154 #12205]  WARN -- : log file "/var/log/nginx/healthd/application.log.2025-11-11-06" does not exist
W, [2025-11-11T06:10:21.720747 #12205]  WARN -- : log file "/var/log/nginx/healthd/application.log.2025-11-11-06" does not exist
W, [2025-11-11T06:10:26.721075 #12205]  WARN -- : log file "/var/log/nginx/healthd/application.log.2025-11-11-06" does not exist
W, [2025-11-11T06:10:31.721350 #12205]  WARN -- : log file "/var/log/nginx/healthd/application.log.2025-11-11-06" does not exist
W, [2025-11-11T06:10:36.721593 #12205]  WARN -- : log file "/var/log/nginx/healthd/application.log.2025-11-11-06" does not exist
W, [2025-11-11T06:10:41.721842 #12205]  WARN -- : log file "/var/log/nginx/healthd/application.log.2025-11-11-06" does not exist
W, [2025-11-11T06:10:46.722107 #12205]  WARN -- : log file "/var/log/nginx/healthd/application.log.2025-11-11-06" does not exist
W, [2025-11-11T06:10:51.722378 #12205]  WARN -- : log file "/var/log/nginx/healthd/application.log.2025-11-11-06" does not exist
W, [2025-11-11T06:10:56.722637 #12205]  WARN -- : log file "/var/log/nginx/healthd/application.log.2025-11-11-06" does not exist
W, [2025-11-11T06:11:01.722913 #12205]  WARN -- : log file "/var/log/nginx/healthd/application.log.2025-11-11-06" does not exist
W, [2025-11-11T06:11:06.723164 #12205]  WARN -- : log file "/var/log/nginx/healthd/application.log.2025-11-11-06" does not exist
W, [2025-11-11T06:11:11.723423 #12205]  WARN -- : log file "/var/log/nginx/healthd/application.log.2025-11-11-06" does not exist
W, [2025-11-11T06:11:16.723685 #12205]  WARN -- : log file "/var/log/nginx/healthd/application.log.2025-11-11-06" does not exist
W, [2025-11-11T06:11:21.723937 #12205]  WARN -- : log file "/var/log/nginx/healthd/application.log.2025-11-11-06" does not exist
W, [2025-11-11T06:11:26.724319 #12205]  WARN -- : log file "/var/log/nginx/healthd/application.log.2025-11-11-06" does not exist
W, [2025-11-11T06:11:31.724595 #12205]  WARN -- : log file "/var/log/nginx/healthd/application.log.2025-11-11-06" does not exist
W, [2025-11-11T06:11:36.724846 #12205]  WARN -- : log file "/var/log/nginx/healthd/application.log.2025-11-11-06" does not exist
W, [2025-11-11T06:11:41.725102 #12205]  WARN -- : log file "/var/log/nginx/healthd/application.log.2025-11-11-06" does not exist
W, [2025-11-11T06:11:46.725366 #12205]  WARN -- : log file "/var/log/nginx/healthd/application.log.2025-11-11-06" does not exist
W, [2025-11-11T06:11:51.725615 #12205]  WARN -- : log file "/var/log/nginx/healthd/application.log.2025-11-11-06" does not exist
W, [2025-11-11T06:11:56.725872 #12205]  WARN -- : log file "/var/log/nginx/healthd/application.log.2025-11-11-06" does not exist
W, [2025-11-11T06:12:01.726146 #12205]  WARN -- : log file "/var/log/nginx/healthd/application.log.2025-11-11-06" does not exist
W, [2025-11-11T06:12:06.726417 #12205]  WARN -- : log file "/var/log/nginx/healthd/application.log.2025-11-11-06" does not exist
W, [2025-11-11T06:12:11.726674 #12205]  WARN -- : log file "/var/log/nginx/healthd/application.log.2025-11-11-06" does not exist
W, [2025-11-11T06:12:16.726924 #12205]  WARN -- : log file "/var/log/nginx/healthd/application.log.2025-11-11-06" does not exist
W, [2025-11-11T06:12:21.727187 #12205]  WARN -- : log file "/var/log/nginx/healthd/application.log.2025-11-11-06" does not exist
W, [2025-11-11T06:12:26.727464 #12205]  WARN -- : log file "/var/log/nginx/healthd/application.log.2025-11-11-06" does not exist
W, [2025-11-11T06:12:31.727711 #12205]  WARN -- : log file "/var/log/nginx/healthd/application.log.2025-11-11-06" does not exist
W, [2025-11-11T06:12:36.727975 #12205]  WARN -- : log file "/var/log/nginx/healthd/application.log.2025-11-11-06" does not exist
W, [2025-11-11T06:12:41.728361 #12205]  WARN -- : log file "/var/log/nginx/healthd/application.log.2025-11-11-06" does not exist
W, [2025-11-11T06:12:46.728634 #12205]  WARN -- : log file "/var/log/nginx/healthd/application.log.2025-11-11-06" does not exist
W, [2025-11-11T06:12:51.728902 #12205]  WARN -- : log file "/var/log/nginx/healthd/application.log.2025-11-11-06" does not exist
W, [2025-11-11T06:12:56.729160 #12205]  WARN -- : log file "/var/log/nginx/healthd/application.log.2025-11-11-06" does not exist
W, [2025-11-11T06:13:01.729439 #12205]  WARN -- : log file "/var/log/nginx/healthd/application.log.2025-11-11-06" does not exist
W, [2025-11-11T06:13:06.729703 #12205]  WARN -- : log file "/var/log/nginx/healthd/application.log.2025-11-11-06" does not exist
W, [2025-11-11T06:13:11.729958 #12205]  WARN -- : log file "/var/log/nginx/healthd/application.log.2025-11-11-06" does not exist
W, [2025-11-11T06:13:16.730202 #12205]  WARN -- : log file "/var/log/nginx/healthd/application.log.2025-11-11-06" does not exist
W, [2025-11-11T06:13:21.730491 #12205]  WARN -- : log file "/var/log/nginx/healthd/application.log.2025-11-11-06" does not exist
W, [2025-11-11T06:13:26.730741 #12205]  WARN -- : log file "/var/log/nginx/healthd/application.log.2025-11-11-06" does not exist
W, [2025-11-11T06:13:31.731005 #12205]  WARN -- : log file "/var/log/nginx/healthd/application.log.2025-11-11-06" does not exist
W, [2025-11-11T06:13:36.731277 #12205]  WARN -- : log file "/var/log/nginx/healthd/application.log.2025-11-11-06" does not exist
W, [2025-11-11T06:13:41.731519 #12205]  WARN -- : log file "/var/log/nginx/healthd/application.log.2025-11-11-06" does not exist
W, [2025-11-11T06:13:46.731771 #12205]  WARN -- : log file "/var/log/nginx/healthd/application.log.2025-11-11-06" does not exist
W, [2025-11-11T06:13:51.732027 #12205]  WARN -- : log file "/var/log/nginx/healthd/application.log.2025-11-11-06" does not exist
W, [2025-11-11T06:13:56.732310 #12205]  WARN -- : log file "/var/log/nginx/healthd/application.log.2025-11-11-06" does not exist
W, [2025-11-11T06:14:01.732568 #12205]  WARN -- : log file "/var/log/nginx/healthd/application.log.2025-11-11-06" does not exist
W, [2025-11-11T06:14:06.732889 #12205]  WARN -- : log file "/var/log/nginx/healthd/application.log.2025-11-11-06" does not exist
W, [2025-11-11T06:14:11.733158 #12205]  WARN -- : log file "/var/log/nginx/healthd/application.log.2025-11-11-06" does not exist
W, [2025-11-11T06:14:16.733422 #12205]  WARN -- : log file "/var/log/nginx/healthd/application.log.2025-11-11-06" does not exist
W, [2025-11-11T06:14:21.733689 #12205]  WARN -- : log file "/var/log/nginx/healthd/application.log.2025-11-11-06" does not exist
W, [2025-11-11T06:14:26.733957 #12205]  WARN -- : log file "/var/log/nginx/healthd/application.log.2025-11-11-06" does not exist
W, [2025-11-11T06:14:31.734223 #12205]  WARN -- : log file "/var/log/nginx/healthd/application.log.2025-11-11-06" does not exist
W, [2025-11-11T06:14:36.734495 #12205]  WARN -- : log file "/var/log/nginx/healthd/application.log.2025-11-11-06" does not exist
W, [2025-11-11T06:14:41.734785 #12205]  WARN -- : log file "/var/log/nginx/healthd/application.log.2025-11-11-06" does not exist
W, [2025-11-11T06:14:46.735047 #12205]  WARN -- : log file "/var/log/nginx/healthd/application.log.2025-11-11-06" does not exist
W, [2025-11-11T06:14:51.735291 #12205]  WARN -- : log file "/var/log/nginx/healthd/application.log.2025-11-11-06" does not exist
W, [2025-11-11T06:14:56.735566 #12205]  WARN -- : log file "/var/log/nginx/healthd/application.log.2025-11-11-06" does not exist
W, [2025-11-11T06:15:01.735933 #12205]  WARN -- : log file "/var/log/nginx/healthd/application.log.2025-11-11-06" does not exist
W, [2025-11-11T06:15:06.736200 #12205]  WARN -- : log file "/var/log/nginx/healthd/application.log.2025-11-11-06" does not exist
W, [2025-11-11T06:15:11.736616 #12205]  WARN -- : log file "/var/log/nginx/healthd/application.log.2025-11-11-06" does not exist
W, [2025-11-11T06:15:16.736938 #12205]  WARN -- : log file "/var/log/nginx/healthd/application.log.2025-11-11-06" does not exist
W, [2025-11-11T06:15:21.737210 #12205]  WARN -- : log file "/var/log/nginx/healthd/application.log.2025-11-11-06" does not exist
W, [2025-11-11T06:15:26.737491 #12205]  WARN -- : log file "/var/log/nginx/healthd/application.log.2025-11-11-06" does not exist
W, [2025-11-11T06:15:31.737753 #12205]  WARN -- : log file "/var/log/nginx/healthd/application.log.2025-11-11-06" does not exist
W, [2025-11-11T06:15:36.738011 #12205]  WARN -- : log file "/var/log/nginx/healthd/application.log.2025-11-11-06" does not exist
W, [2025-11-11T06:15:41.738270 #12205]  WARN -- : log file "/var/log/nginx/healthd/application.log.2025-11-11-06" does not exist
W, [2025-11-11T06:15:46.738537 #12205]  WARN -- : log file "/var/log/nginx/healthd/application.log.2025-11-11-06" does not exist
W, [2025-11-11T06:15:51.738806 #12205]  WARN -- : log file "/var/log/nginx/healthd/application.log.2025-11-11-06" does not exist
W, [2025-11-11T06:15:56.739062 #12205]  WARN -- : log file "/var/log/nginx/healthd/application.log.2025-11-11-06" does not exist
W, [2025-11-11T06:16:01.739391 #12205]  WARN -- : log file "/var/log/nginx/healthd/application.log.2025-11-11-06" does not exist
W, [2025-11-11T06:16:06.739645 #12205]  WARN -- : log file "/var/log/nginx/healthd/application.log.2025-11-11-06" does not exist
W, [2025-11-11T06:16:11.739916 #12205]  WARN -- : log file "/var/log/nginx/healthd/application.log.2025-11-11-06" does not exist
W, [2025-11-11T06:16:16.740179 #12205]  WARN -- : log file "/var/log/nginx/healthd/application.log.2025-11-11-06" does not exist
W, [2025-11-11T06:16:21.740616 #12205]  WARN -- : log file "/var/log/nginx/healthd/application.log.2025-11-11-06" does not exist
W, [2025-11-11T06:16:26.740873 #12205]  WARN -- : log file "/var/log/nginx/healthd/application.log.2025-11-11-06" does not exist
W, [2025-11-11T06:16:31.741150 #12205]  WARN -- : log file "/var/log/nginx/healthd/application.log.2025-11-11-06" does not exist
W, [2025-11-11T06:16:36.741413 #12205]  WARN -- : log file "/var/log/nginx/healthd/application.log.2025-11-11-06" does not exist
W, [2025-11-11T06:16:41.741681 #12205]  WARN -- : log file "/var/log/nginx/healthd/application.log.2025-11-11-06" does not exist
W, [2025-11-11T06:16:46.741948 #12205]  WARN -- : log file "/var/log/nginx/healthd/application.log.2025-11-11-06" does not exist
W, [2025-11-11T06:16:51.742209 #12205]  WARN -- : log file "/var/log/nginx/healthd/application.log.2025-11-11-06" does not exist
W, [2025-11-11T06:16:56.742475 #12205]  WARN -- : log file "/var/log/nginx/healthd/application.log.2025-11-11-06" does not exist
W, [2025-11-11T06:17:01.742894 #12205]  WARN -- : log file "/var/log/nginx/healthd/application.log.2025-11-11-06" does not exist
W, [2025-11-11T06:17:06.743150 #12205]  WARN -- : log file "/var/log/nginx/healthd/application.log.2025-11-11-06" does not exist
W, [2025-11-11T06:17:11.743411 #12205]  WARN -- : log file "/var/log/nginx/healthd/application.log.2025-11-11-06" does not exist
W, [2025-11-11T06:17:16.743667 #12205]  WARN -- : log file "/var/log/nginx/healthd/application.log.2025-11-11-06" does not exist
W, [2025-11-11T06:17:21.743923 #12205]  WARN -- : log file "/var/log/nginx/healthd/application.log.2025-11-11-06" does not exist
W, [2025-11-11T06:17:26.744178 #12205]  WARN -- : log file "/var/log/nginx/healthd/application.log.2025-11-11-06" does not exist
W, [2025-11-11T06:17:31.744606 #12205]  WARN -- : log file "/var/log/nginx/healthd/application.log.2025-11-11-06" does not exist
W, [2025-11-11T06:17:36.744912 #12205]  WARN -- : log file "/var/log/nginx/healthd/application.log.2025-11-11-06" does not exist
W, [2025-11-11T06:17:41.745181 #12205]  WARN -- : log file "/var/log/nginx/healthd/application.log.2025-11-11-06" does not exist
W, [2025-11-11T06:17:46.745442 #12205]  WARN -- : log file "/var/log/nginx/healthd/application.log.2025-11-11-06" does not exist
W, [2025-11-11T06:17:51.745692 #12205]  WARN -- : log file "/var/log/nginx/healthd/application.log.2025-11-11-06" does not exist
W, [2025-11-11T06:17:56.745957 #12205]  WARN -- : log file "/var/log/nginx/healthd/application.log.2025-11-11-06" does not exist
W, [2025-11-11T06:18:01.746231 #12205]  WARN -- : log file "/var/log/nginx/healthd/application.log.2025-11-11-06" does not exist
W, [2025-11-11T06:18:06.746499 #12205]  WARN -- : log file "/var/log/nginx/healthd/application.log.2025-11-11-06" does not exist
W, [2025-11-11T06:18:11.746751 #12205]  WARN -- : log file "/var/log/nginx/healthd/application.log.2025-11-11-06" does not exist
W, [2025-11-11T06:18:16.747016 #12205]  WARN -- : log file "/var/log/nginx/healthd/application.log.2025-11-11-06" does not exist
W, [2025-11-11T06:18:21.747263 #12205]  WARN -- : log file "/var/log/nginx/healthd/application.log.2025-11-11-06" does not exist
W, [2025-11-11T06:18:26.747521 #12205]  WARN -- : log file "/var/log/nginx/healthd/application.log.2025-11-11-06" does not exist
W, [2025-11-11T06:18:31.747809 #12205]  WARN -- : log file "/var/log/nginx/healthd/application.log.2025-11-11-06" does not exist
W, [2025-11-11T06:18:36.748129 #12205]  WARN -- : log file "/var/log/nginx/healthd/application.log.2025-11-11-06" does not exist
W, [2025-11-11T06:18:41.748524 #12205]  WARN -- : log file "/var/log/nginx/healthd/application.log.2025-11-11-06" does not exist
W, [2025-11-11T06:18:46.748782 #12205]  WARN -- : log file "/var/log/nginx/healthd/application.log.2025-11-11-06" does not exist
W, [2025-11-11T06:18:51.749043 #12205]  WARN -- : log file "/var/log/nginx/healthd/application.log.2025-11-11-06" does not exist
W, [2025-11-11T06:18:56.749303 #12205]  WARN -- : log file "/var/log/nginx/healthd/application.log.2025-11-11-06" does not exist
W, [2025-11-11T06:19:01.749565 #12205]  WARN -- : log file "/var/log/nginx/healthd/application.log.2025-11-11-06" does not exist
W, [2025-11-11T06:19:06.749834 #12205]  WARN -- : log file "/var/log/nginx/healthd/application.log.2025-11-11-06" does not exist
W, [2025-11-11T06:19:11.750088 #12205]  WARN -- : log file "/var/log/nginx/healthd/application.log.2025-11-11-06" does not exist
W, [2025-11-11T06:19:16.750338 #12205]  WARN -- : log file "/var/log/nginx/healthd/application.log.2025-11-11-06" does not exist
W, [2025-11-11T06:19:21.750595 #12205]  WARN -- : log file "/var/log/nginx/healthd/application.log.2025-11-11-06" does not exist
W, [2025-11-11T06:19:26.750841 #12205]  WARN -- : log file "/var/log/nginx/healthd/application.log.2025-11-11-06" does not exist
W, [2025-11-11T06:19:31.751231 #12205]  WARN -- : log file "/var/log/nginx/healthd/application.log.2025-11-11-06" does not exist
W, [2025-11-11T06:19:36.751483 #12205]  WARN -- : log file "/var/log/nginx/healthd/application.log.2025-11-11-06" does not exist
W, [2025-11-11T06:19:41.751751 #12205]  WARN -- : log file "/var/log/nginx/healthd/application.log.2025-11-11-06" does not exist
W, [2025-11-11T06:19:46.752016 #12205]  WARN -- : log file "/var/log/nginx/healthd/application.log.2025-11-11-06" does not exist
W, [2025-11-11T06:19:51.752403 #12205]  WARN -- : log file "/var/log/nginx/healthd/application.log.2025-11-11-06" does not exist
W, [2025-11-11T06:19:56.752669 #12205]  WARN -- : log file "/var/log/nginx/healthd/application.log.2025-11-11-06" does not exist
W, [2025-11-11T06:20:01.752931 #12205]  WARN -- : log file "/var/log/nginx/healthd/application.log.2025-11-11-06" does not exist
W, [2025-11-11T06:20:06.753191 #12205]  WARN -- : log file "/var/log/nginx/healthd/application.log.2025-11-11-06" does not exist
W, [2025-11-11T06:20:11.753448 #12205]  WARN -- : log file "/var/log/nginx/healthd/application.log.2025-11-11-06" does not exist
W, [2025-11-11T06:20:16.753706 #12205]  WARN -- : log file "/var/log/nginx/healthd/application.log.2025-11-11-06" does not exist
W, [2025-11-11T06:20:21.754021 #12205]  WARN -- : log file "/var/log/nginx/healthd/application.log.2025-11-11-06" does not exist
W, [2025-11-11T06:20:26.754295 #12205]  WARN -- : log file "/var/log/nginx/healthd/application.log.2025-11-11-06" does not exist
W, [2025-11-11T06:20:31.754552 #12205]  WARN -- : log file "/var/log/nginx/healthd/application.log.2025-11-11-06" does not exist
W, [2025-11-11T06:20:36.754803 #12205]  WARN -- : log file "/var/log/nginx/healthd/application.log.2025-11-11-06" does not exist
W, [2025-11-11T06:20:41.755059 #12205]  WARN -- : log file "/var/log/nginx/healthd/application.log.2025-11-11-06" does not exist
W, [2025-11-11T06:20:46.755320 #12205]  WARN -- : log file "/var/log/nginx/healthd/application.log.2025-11-11-06" does not exist
W, [2025-11-11T06:20:51.755606 #12205]  WARN -- : log file "/var/log/nginx/healthd/application.log.2025-11-11-06" does not exist
W, [2025-11-11T06:20:56.755877 #12205]  WARN -- : log file "/var/log/nginx/healthd/application.log.2025-11-11-06" does not exist
W, [2025-11-11T06:21:01.756151 #12205]  WARN -- : log file "/var/log/nginx/healthd/application.log.2025-11-11-06" does not exist
W, [2025-11-11T06:21:06.756460 #12205]  WARN -- : log file "/var/log/nginx/healthd/application.log.2025-11-11-06" does not exist
W, [2025-11-11T06:21:11.756725 #12205]  WARN -- : log file "/var/log/nginx/healthd/application.log.2025-11-11-06" does not exist
W, [2025-11-11T06:21:16.756987 #12205]  WARN -- : log file "/var/log/nginx/healthd/application.log.2025-11-11-06" does not exist
W, [2025-11-11T06:21:21.757247 #12205]  WARN -- : log file "/var/log/nginx/healthd/application.log.2025-11-11-06" does not exist
W, [2025-11-11T06:21:26.757512 #12205]  WARN -- : log file "/var/log/nginx/healthd/application.log.2025-11-11-06" does not exist
W, [2025-11-11T06:21:31.757774 #12205]  WARN -- : log file "/var/log/nginx/healthd/application.log.2025-11-11-06" does not exist
W, [2025-11-11T06:21:36.758026 #12205]  WARN -- : log file "/var/log/nginx/healthd/application.log.2025-11-11-06" does not exist
W, [2025-11-11T06:21:41.758286 #12205]  WARN -- : log file "/var/log/nginx/healthd/application.log.2025-11-11-06" does not exist
W, [2025-11-11T06:21:46.758549 #12205]  WARN -- : log file "/var/log/nginx/healthd/application.log.2025-11-11-06" does not exist
W, [2025-11-11T06:21:51.758795 #12205]  WARN -- : log file "/var/log/nginx/healthd/application.log.2025-11-11-06" does not exist
W, [2025-11-11T06:21:56.759044 #12205]  WARN -- : log file "/var/log/nginx/healthd/application.log.2025-11-11-06" does not exist
W, [2025-11-11T06:22:01.759309 #12205]  WARN -- : log file "/var/log/nginx/healthd/application.log.2025-11-11-06" does not exist
W, [2025-11-11T06:22:06.759922 #12205]  WARN -- : log file "/var/log/nginx/healthd/application.log.2025-11-11-06" does not exist
W, [2025-11-11T06:22:11.760368 #12205]  WARN -- : log file "/var/log/nginx/healthd/application.log.2025-11-11-06" does not exist
